TN:
SF:src/test.ts
FNF:0
FNH:0
DA:11,1
LF:1
LH:1
BRF:0
BRH:0
end_of_record
TN:
SF:src/zone-flags.ts
FNF:0
FNH:0
DA:6,1
LF:1
LH:1
BRF:0
BRH:0
end_of_record
TN:
SF:src/app/app.component.ts
FN:14,(anonymous_0)
FNF:1
FNH:1
FNDA:1,(anonymous_0)
DA:13,1
DA:14,1
LF:2
LH:2
BRF:0
BRH:0
end_of_record
TN:
SF:src/app/modules/auth/paginas/login/login.component.ts
FN:26,(anonymous_0)
FN:33,(anonymous_1)
FN:38,(anonymous_2)
FN:45,(anonymous_3)
FN:61,(anonymous_4)
FN:65,(anonymous_5)
FN:68,(anonymous_6)
FN:78,(anonymous_7)
FNF:8
FNH:7
FNDA:7,(anonymous_0)
FNDA:2,(anonymous_1)
FNDA:32,(anonymous_2)
FNDA:32,(anonymous_3)
FNDA:3,(anonymous_4)
FNDA:1,(anonymous_5)
FNDA:1,(anonymous_6)
FNDA:0,(anonymous_7)
DA:18,1
DA:19,7
DA:24,7
DA:27,7
DA:28,7
DA:29,7
DA:30,7
DA:34,2
DA:35,2
DA:39,32
DA:46,32
DA:47,29
DA:50,3
DA:51,1
DA:54,2
DA:55,1
DA:58,1
DA:62,3
DA:63,3
DA:64,2
DA:66,1
DA:67,1
DA:68,1
DA:69,1
DA:79,0
LF:25
LH:24
BRDA:35,0,0,1
BRDA:35,0,1,1
BRDA:40,1,0,32
BRDA:40,1,1,31
BRDA:40,1,2,31
BRDA:46,2,0,29
BRDA:50,3,0,1
BRDA:50,4,0,3
BRDA:50,4,1,2
BRDA:54,5,0,1
BRDA:54,6,0,2
BRDA:54,6,1,1
BRDA:63,7,0,2
BRDA:63,8,0,3
BRDA:63,8,1,2
BRF:15
BRH:15
end_of_record
TN:
SF:src/app/modules/auth/paginas/register/register.component.ts
FN:57,(anonymous_0)
FN:64,(anonymous_1)
FN:72,(anonymous_2)
FN:87,(anonymous_3)
FN:90,(anonymous_4)
FN:106,(anonymous_5)
FN:108,(anonymous_6)
FN:112,(anonymous_7)
FN:115,(anonymous_8)
FN:120,(anonymous_9)
FN:129,(anonymous_10)
FN:133,(anonymous_11)
FN:146,(anonymous_12)
FN:179,(anonymous_13)
FN:186,(anonymous_14)
FN:194,(anonymous_15)
FN:199,(anonymous_16)
FN:201,(anonymous_17)
FNF:18
FNH:14
FNDA:7,(anonymous_0)
FNDA:1,(anonymous_1)
FNDA:1,(anonymous_2)
FNDA:1,(anonymous_3)
FNDA:0,(anonymous_4)
FNDA:1,(anonymous_5)
FNDA:1,(anonymous_6)
FNDA:0,(anonymous_7)
FNDA:0,(anonymous_8)
FNDA:0,(anonymous_9)
FNDA:1,(anonymous_10)
FNDA:1,(anonymous_11)
FNDA:1,(anonymous_12)
FNDA:2,(anonymous_13)
FNDA:1,(anonymous_14)
FNDA:2,(anonymous_15)
FNDA:7,(anonymous_16)
FNDA:10,(anonymous_17)
DA:29,1
DA:30,7
DA:31,7
DA:32,7
DA:55,7
DA:58,7
DA:59,7
DA:60,7
DA:61,7
DA:65,1
DA:66,1
DA:69,1
DA:73,1
DA:83,1
DA:88,1
DA:91,0
DA:92,0
DA:107,1
DA:109,1
DA:110,1
DA:113,0
DA:114,0
DA:115,0
DA:116,0
DA:118,0
DA:119,0
DA:120,0
DA:121,0
DA:130,1
DA:134,1
DA:135,1
DA:140,0
DA:147,1
DA:148,1
DA:151,0
DA:152,0
DA:155,0
DA:156,0
DA:159,0
DA:163,0
DA:166,0
DA:173,0
DA:176,0
DA:183,2
DA:187,1
DA:191,1
DA:195,2
DA:196,2
DA:200,7
DA:201,7
DA:202,10
DA:203,10
DA:204,2
LF:53
LH:33
BRDA:65,0,0,1
BRDA:119,1,0,0
BRDA:119,1,1,0
BRDA:134,2,0,1
BRDA:141,3,0,0
BRDA:141,3,1,0
BRDA:141,3,2,0
BRDA:147,4,0,1
BRDA:151,5,0,0
BRDA:151,6,0,0
BRDA:151,6,1,0
BRDA:155,7,0,0
BRDA:155,8,0,0
BRDA:155,8,1,0
BRDA:159,9,0,0
BRDA:160,10,0,0
BRDA:160,10,1,0
BRDA:166,11,0,0
BRDA:167,12,0,0
BRDA:167,12,1,0
BRDA:191,13,0,1
BRDA:191,13,1,0
BRDA:196,14,0,1
BRDA:196,14,1,1
BRDA:203,15,0,8
BRDA:204,16,0,2
BRDA:204,16,1,0
BRF:27
BRH:8
end_of_record
TN:
SF:src/app/modules/auth/servicios/login.service.ts
FN:15,(anonymous_0)
FN:21,(anonymous_1)
FN:27,(anonymous_2)
FN:33,(anonymous_3)
FN:40,(anonymous_4)
FN:41,(anonymous_5)
FN:46,(anonymous_6)
FNF:7
FNH:7
FNDA:5,(anonymous_0)
FNDA:3,(anonymous_1)
FNDA:2,(anonymous_2)
FNDA:2,(anonymous_3)
FNDA:2,(anonymous_4)
FNDA:2,(anonymous_5)
FNDA:2,(anonymous_6)
DA:12,1
DA:13,5
DA:16,5
DA:17,5
DA:18,5
DA:22,3
DA:23,3
DA:25,3
DA:28,2
DA:29,2
DA:30,2
DA:31,2
DA:34,2
DA:35,1
DA:36,1
DA:38,1
DA:41,2
DA:47,2
DA:48,2
DA:49,2
LF:20
LH:20
BRDA:34,0,0,1
BRF:1
BRH:1
end_of_record
TN:
SF:src/app/modules/auth/servicios/signup.service.ts
FN:15,(anonymous_0)
FN:17,(anonymous_1)
FN:21,(anonymous_2)
FN:25,(anonymous_3)
FN:34,(anonymous_4)
FN:35,(anonymous_5)
FNF:6
FNH:5
FNDA:3,(anonymous_0)
FNDA:1,(anonymous_1)
FNDA:1,(anonymous_2)
FNDA:1,(anonymous_3)
FNDA:7,(anonymous_4)
FNDA:0,(anonymous_5)
DA:11,1
DA:12,3
DA:13,3
DA:15,3
DA:18,1
DA:22,1
DA:24,1
DA:26,1
DA:27,0
DA:30,1
DA:31,1
DA:32,1
DA:34,1
DA:35,7
DA:37,1
LF:15
LH:14
BRDA:26,0,0,0
BRDA:26,1,0,1
BRDA:26,1,1,1
BRDA:35,2,0,7
BRDA:35,2,1,7
BRDA:39,3,0,1
BRDA:39,3,1,1
BRF:7
BRH:6
end_of_record
TN:
SF:src/app/modules/auth/servicios/usuario.service.ts
FN:10,(anonymous_0)
FN:20,(anonymous_1)
FN:24,(anonymous_2)
FNF:3
FNH:3
FNDA:4,(anonymous_0)
FNDA:2,(anonymous_1)
FNDA:2,(anonymous_2)
DA:7,1
DA:11,4
DA:13,4
DA:14,2
DA:17,4
DA:21,2
DA:25,2
DA:26,2
DA:27,1
DA:29,1
LF:10
LH:10
BRDA:13,0,0,2
BRDA:26,1,0,1
BRF:2
BRH:2
end_of_record
TN:
SF:src/app/modules/carrito-compras/paginas/carrito-compras/carrito-compras.component.ts
FN:53,(anonymous_0)
FN:62,(anonymous_1)
FN:66,(anonymous_2)
FN:76,(anonymous_3)
FN:78,(anonymous_4)
FN:86,(anonymous_5)
FN:90,(anonymous_6)
FN:94,(anonymous_7)
FN:96,(anonymous_8)
FN:105,(anonymous_9)
FN:113,(anonymous_10)
FN:114,(anonymous_11)
FN:119,(anonymous_12)
FN:122,(anonymous_13)
FN:129,(anonymous_14)
FN:132,(anonymous_15)
FN:140,(anonymous_16)
FN:141,(anonymous_17)
FN:150,(anonymous_18)
FN:155,(anonymous_19)
FN:160,(anonymous_20)
FNF:21
FNH:21
FNDA:15,(anonymous_0)
FNDA:1,(anonymous_1)
FNDA:2,(anonymous_2)
FNDA:2,(anonymous_3)
FNDA:1,(anonymous_4)
FNDA:5,(anonymous_5)
FNDA:1,(anonymous_6)
FNDA:1,(anonymous_7)
FNDA:1,(anonymous_8)
FNDA:1,(anonymous_9)
FNDA:1,(anonymous_10)
FNDA:2,(anonymous_11)
FNDA:2,(anonymous_12)
FNDA:4,(anonymous_13)
FNDA:1,(anonymous_14)
FNDA:1,(anonymous_15)
FNDA:1,(anonymous_16)
FNDA:1,(anonymous_17)
FNDA:4,(anonymous_18)
FNDA:4,(anonymous_19)
FNDA:16,(anonymous_20)
DA:47,1
DA:49,15
DA:54,15
DA:55,15
DA:56,15
DA:57,15
DA:58,15
DA:59,15
DA:63,1
DA:67,2
DA:68,1
DA:69,1
DA:70,1
DA:72,1
DA:77,2
DA:79,1
DA:80,1
DA:87,5
DA:91,1
DA:95,1
DA:96,1
DA:97,1
DA:101,1
DA:102,1
DA:106,1
DA:110,1
DA:114,1
DA:115,2
DA:120,2
DA:122,4
DA:128,2
DA:130,1
DA:133,1
DA:137,1
DA:138,1
DA:141,1
DA:142,1
DA:151,4
DA:152,1
DA:155,3
DA:156,4
DA:161,16
DA:162,4
LF:43
LH:43
BRDA:67,0,0,1
BRDA:67,0,1,1
BRDA:67,1,0,2
BRDA:67,1,1,2
BRDA:79,2,0,1
BRDA:151,3,0,1
BRDA:156,4,0,4
BRDA:156,4,1,3
BRDA:161,5,0,4
BRF:9
BRH:9
end_of_record
TN:
SF:src/app/modules/carrito-compras/servicios/carrito-compras.service.ts
FN:28,(anonymous_0)
FN:35,(anonymous_1)
FN:44,(anonymous_2)
FN:50,(anonymous_3)
FN:67,(anonymous_4)
FN:72,(anonymous_5)
FN:77,(anonymous_6)
FN:80,(anonymous_7)
FN:84,(anonymous_8)
FN:89,(anonymous_9)
FN:95,(anonymous_10)
FN:101,(anonymous_11)
FN:109,(anonymous_12)
FN:138,(anonymous_13)
FN:143,(anonymous_14)
FN:156,(anonymous_15)
FN:173,(anonymous_16)
FN:179,(anonymous_17)
FN:188,(anonymous_18)
FN:203,(anonymous_19)
FN:217,(anonymous_20)
FN:233,(anonymous_21)
FN:240,(anonymous_22)
FN:247,(anonymous_23)
FN:248,(anonymous_24)
FN:257,(anonymous_25)
FN:271,(anonymous_26)
FN:282,(anonymous_27)
FN:301,(anonymous_28)
FN:307,(anonymous_29)
FN:309,(anonymous_30)
FNF:31
FNH:31
FNDA:19,(anonymous_0)
FNDA:19,(anonymous_1)
FNDA:19,(anonymous_2)
FNDA:22,(anonymous_3)
FNDA:4,(anonymous_4)
FNDA:1,(anonymous_5)
FNDA:2,(anonymous_6)
FNDA:2,(anonymous_7)
FNDA:1,(anonymous_8)
FNDA:13,(anonymous_9)
FNDA:6,(anonymous_10)
FNDA:27,(anonymous_11)
FNDA:9,(anonymous_12)
FNDA:1,(anonymous_13)
FNDA:1,(anonymous_14)
FNDA:2,(anonymous_15)
FNDA:1,(anonymous_16)
FNDA:2,(anonymous_17)
FNDA:1,(anonymous_18)
FNDA:1,(anonymous_19)
FNDA:55,(anonymous_20)
FNDA:36,(anonymous_21)
FNDA:36,(anonymous_22)
FNDA:32,(anonymous_23)
FNDA:35,(anonymous_24)
FNDA:52,(anonymous_25)
FNDA:20,(anonymous_26)
FNDA:2,(anonymous_27)
FNDA:1,(anonymous_28)
FNDA:2,(anonymous_29)
FNDA:2,(anonymous_30)
DA:11,1
DA:12,19
DA:13,19
DA:16,19
DA:17,19
DA:20,19
DA:23,19
DA:24,19
DA:26,19
DA:29,19
DA:30,19
DA:32,19
DA:37,19
DA:38,19
DA:41,19
DA:44,19
DA:45,19
DA:51,22
DA:54,22
DA:55,20
DA:63,22
DA:68,4
DA:73,1
DA:78,2
DA:80,2
DA:85,1
DA:90,13
DA:91,13
DA:96,6
DA:97,6
DA:102,27
DA:104,27
DA:105,27
DA:108,27
DA:109,9
DA:112,27
DA:115,6
DA:116,6
DA:122,21
DA:124,21
DA:125,21
DA:129,27
DA:132,27
DA:133,27
DA:134,27
DA:139,1
DA:140,1
DA:141,1
DA:143,1
DA:144,1
DA:145,1
DA:149,1
DA:150,1
DA:151,1
DA:158,2
DA:161,2
DA:164,2
DA:167,2
DA:168,2
DA:174,1
DA:176,1
DA:177,1
DA:179,2
DA:180,1
DA:182,1
DA:183,1
DA:184,1
DA:189,1
DA:191,1
DA:192,1
DA:194,1
DA:195,1
DA:197,1
DA:198,1
DA:199,1
DA:204,1
DA:206,1
DA:207,1
DA:208,1
DA:209,1
DA:212,1
DA:213,1
DA:218,55
DA:219,0
DA:220,0
DA:221,0
DA:224,55
DA:225,55
DA:226,0
DA:227,0
DA:228,0
DA:232,55
DA:233,36
DA:236,55
DA:239,55
DA:240,36
DA:243,55
DA:248,32
DA:249,35
DA:250,35
DA:253,32
DA:258,52
DA:261,52
DA:264,52
DA:267,52
DA:272,20
DA:275,20
DA:277,20
DA:279,2
DA:282,2
DA:284,2
DA:285,2
DA:289,2
DA:293,20
DA:294,20
DA:295,2
DA:296,2
DA:303,1
DA:304,1
DA:307,1
DA:309,2
DA:311,2
DA:312,2
DA:314,2
DA:316,2
DA:318,2
DA:320,2
DA:321,2
DA:324,2
DA:325,2
DA:328,2
DA:329,2
DA:334,1
DA:335,1
DA:338,1
LF:135
LH:129
BRDA:54,0,0,20
BRDA:80,1,0,1
BRDA:80,1,1,1
BRDA:91,2,0,12
BRDA:91,2,1,1
BRDA:96,3,0,0
BRDA:102,4,0,0
BRDA:105,5,0,0
BRDA:112,6,0,6
BRDA:112,6,1,21
BRDA:115,7,0,6
BRDA:115,7,1,0
BRDA:122,8,0,21
BRDA:122,8,1,0
BRDA:139,9,0,0
BRDA:141,10,0,0
BRDA:144,11,0,1
BRDA:167,12,0,2
BRDA:174,13,0,0
BRDA:177,14,0,0
BRDA:189,15,0,0
BRDA:192,16,0,0
BRDA:206,17,0,1
BRDA:218,18,0,0
BRDA:225,19,0,0
BRDA:233,20,0,36
BRDA:233,20,1,0
BRDA:250,21,0,35
BRDA:250,21,1,35
BRDA:258,22,0,0
BRDA:272,23,0,0
BRDA:277,24,0,2
BRDA:277,25,0,20
BRDA:277,25,1,2
BRDA:294,26,0,2
BRDA:294,27,0,20
BRDA:294,27,1,2
BRDA:311,28,0,2
BRDA:318,29,0,2
BRDA:328,30,0,2
BRDA:334,31,0,1
BRF:41
BRH:25
end_of_record
TN:
SF:src/app/modules/carrito-compras/servicios/catalogo.service.ts
FN:17,(anonymous_0)
FN:24,(anonymous_1)
FN:26,(anonymous_2)
FN:27,(anonymous_3)
FN:39,(anonymous_4)
FN:43,(anonymous_5)
FNF:6
FNH:6
FNDA:5,(anonymous_0)
FNDA:3,(anonymous_1)
FNDA:2,(anonymous_2)
FNDA:4,(anonymous_3)
FNDA:2,(anonymous_4)
FNDA:1,(anonymous_5)
DA:12,1
DA:13,5
DA:18,5
DA:19,5
DA:21,5
DA:25,3
DA:27,2
DA:28,4
DA:29,4
DA:40,2
DA:44,1
LF:11
LH:11
BRDA:31,0,0,4
BRDA:31,0,1,1
BRF:2
BRH:2
end_of_record
TN:
SF:src/app/modules/carrito-compras/servicios/crear-pedido.service.ts
FN:12,(anonymous_0)
FN:14,(anonymous_1)
FNF:2
FNH:2
FNDA:2,(anonymous_0)
FNDA:1,(anonymous_1)
DA:9,1
DA:10,2
DA:12,2
DA:15,1
DA:16,1
LF:5
LH:5
BRF:0
BRH:0
end_of_record
TN:
SF:src/app/modules/carrito-compras/servicios/inventory-socket-service.service.ts
FN:26,(anonymous_0)
FN:31,(anonymous_1)
FN:50,(anonymous_2)
FN:58,(anonymous_3)
FN:62,(anonymous_4)
FN:66,(anonymous_5)
FN:70,(anonymous_6)
FN:75,(anonymous_7)
FNF:8
FNH:8
FNDA:10,(anonymous_0)
FNDA:3,(anonymous_1)
FNDA:1,(anonymous_2)
FNDA:7,(anonymous_3)
FNDA:1,(anonymous_4)
FNDA:1,(anonymous_5)
FNDA:1,(anonymous_6)
FNDA:1,(anonymous_7)
DA:11,1
DA:12,10
DA:13,10
DA:14,10
DA:16,10
DA:19,10
DA:20,10
DA:23,10
DA:24,10
DA:26,10
DA:27,10
DA:32,3
DA:33,3
DA:40,2
DA:42,2
DA:44,1
DA:45,1
DA:51,1
DA:52,1
DA:53,1
DA:59,7
DA:62,6
DA:63,1
DA:66,6
DA:67,1
DA:70,6
DA:71,1
DA:75,6
DA:76,1
DA:77,1
LF:30
LH:30
BRDA:51,0,0,1
BRDA:59,1,0,1
BRF:2
BRH:2
end_of_record
TN:
SF:src/app/modules/catalogo/paginas/catalogo/catalogo.component.ts
FN:53,(anonymous_0)
FN:62,(anonymous_1)
FN:69,(anonymous_2)
FN:70,(anonymous_3)
FN:76,(anonymous_4)
FN:79,(anonymous_5)
FN:83,(anonymous_6)
FN:90,(anonymous_7)
FN:92,(anonymous_8)
FN:96,(anonymous_9)
FN:105,(anonymous_10)
FN:111,(anonymous_11)
FN:115,(anonymous_12)
FN:121,(anonymous_13)
FNF:14
FNH:14
FNDA:14,(anonymous_0)
FNDA:1,(anonymous_1)
FNDA:2,(anonymous_2)
FNDA:2,(anonymous_3)
FNDA:5,(anonymous_4)
FNDA:2,(anonymous_5)
FNDA:4,(anonymous_6)
FNDA:3,(anonymous_7)
FNDA:2,(anonymous_8)
FNDA:3,(anonymous_9)
FNDA:1,(anonymous_10)
FNDA:1,(anonymous_11)
FNDA:1,(anonymous_12)
FNDA:1,(anonymous_13)
DA:44,1
DA:46,14
DA:47,14
DA:54,14
DA:55,14
DA:56,14
DA:57,14
DA:58,14
DA:59,14
DA:63,1
DA:64,1
DA:65,1
DA:66,1
DA:70,2
DA:71,2
DA:72,2
DA:77,5
DA:79,2
DA:84,4
DA:85,2
DA:87,2
DA:91,3
DA:93,2
DA:94,2
DA:95,2
DA:96,3
DA:98,2
DA:99,1
DA:106,1
DA:107,1
DA:112,1
DA:116,1
DA:118,1
DA:122,1
DA:123,1
LF:35
LH:35
BRDA:79,0,0,2
BRDA:79,0,1,2
BRDA:84,1,0,2
BRDA:93,2,0,2
BRDA:98,3,0,1
BRDA:106,4,0,1
BRF:6
BRH:6
end_of_record
TN:
SF:src/app/modules/entregas/paginas/entregas/entregas.component.ts
FN:42,(anonymous_0)
FN:47,(anonymous_1)
FN:50,(anonymous_2)
FN:54,(anonymous_3)
FN:61,(anonymous_4)
FN:65,(anonymous_5)
FN:66,(anonymous_6)
FNF:7
FNH:6
FNDA:12,(anonymous_0)
FNDA:4,(anonymous_1)
FNDA:2,(anonymous_2)
FNDA:11,(anonymous_3)
FNDA:0,(anonymous_4)
FNDA:2,(anonymous_5)
FNDA:2,(anonymous_6)
DA:37,1
DA:38,12
DA:39,12
DA:43,12
DA:44,12
DA:48,4
DA:50,2
DA:55,11
DA:56,7
DA:58,4
DA:66,2
DA:67,2
DA:68,2
LF:13
LH:13
BRDA:50,0,0,2
BRDA:50,0,1,2
BRDA:55,1,0,7
BRF:3
BRH:3
end_of_record
TN:
SF:src/app/modules/entregas/servicios/entregas.service.ts
FN:16,(anonymous_0)
FN:23,(anonymous_1)
FN:25,(anonymous_2)
FN:29,(anonymous_3)
FN:33,(anonymous_4)
FN:37,(anonymous_5)
FN:40,(anonymous_6)
FNF:7
FNH:7
FNDA:6,(anonymous_0)
FNDA:5,(anonymous_1)
FNDA:5,(anonymous_2)
FNDA:4,(anonymous_3)
FNDA:3,(anonymous_4)
FNDA:2,(anonymous_5)
FNDA:2,(anonymous_6)
DA:13,1
DA:14,6
DA:17,6
DA:18,6
DA:20,6
DA:24,5
DA:26,5
DA:27,5
DA:28,4
DA:29,4
DA:30,4
DA:31,4
DA:32,4
DA:33,4
DA:34,3
DA:35,3
DA:36,3
DA:37,3
DA:38,2
DA:39,2
DA:40,2
DA:42,2
DA:43,2
DA:44,2
DA:45,2
DA:46,2
DA:47,2
DA:50,3
DA:51,3
DA:52,3
DA:53,3
DA:56,3
DA:59,3
DA:60,3
DA:61,3
DA:62,3
DA:67,5
DA:68,5
LF:38
LH:38
BRDA:27,0,0,4
BRDA:27,1,0,5
BRDA:27,1,1,4
BRDA:32,2,0,4
BRDA:36,3,0,3
BRDA:51,4,0,3
BRDA:51,4,1,0
BRDA:52,5,0,3
BRDA:52,5,1,0
BRDA:53,6,0,3
BRDA:53,6,1,0
BRDA:56,7,0,3
BRDA:56,7,1,0
BRDA:59,8,0,3
BRDA:59,8,1,0
BRDA:60,9,0,3
BRDA:60,9,1,0
BRF:17
BRH:11
end_of_record
TN:
SF:src/app/modules/layout/paginas/layout/layout.component.ts
FN:15,(anonymous_0)
FNF:1
FNH:1
FNDA:1,(anonymous_0)
DA:12,1
DA:13,1
LF:2
LH:2
BRF:0
BRH:0
end_of_record
TN:
SF:src/app/modules/pedidos/paginas/pedidos/pedidos.component.ts
FN:46,(anonymous_0)
FN:52,(anonymous_1)
FN:53,(anonymous_2)
FN:59,(anonymous_3)
FN:62,(anonymous_4)
FN:66,(anonymous_5)
FN:73,(anonymous_6)
FNF:7
FNH:7
FNDA:11,(anonymous_0)
FNDA:3,(anonymous_1)
FNDA:3,(anonymous_2)
FNDA:5,(anonymous_3)
FNDA:4,(anonymous_4)
FNDA:11,(anonymous_5)
FNDA:1,(anonymous_6)
DA:40,1
DA:42,11
DA:43,11
DA:47,11
DA:48,11
DA:49,11
DA:53,3
DA:54,3
DA:55,3
DA:60,5
DA:62,4
DA:67,11
DA:68,6
DA:70,5
DA:74,1
LF:15
LH:15
BRDA:62,0,0,4
BRDA:62,0,1,3
BRDA:67,1,0,6
BRF:3
BRH:3
end_of_record
TN:
SF:src/app/modules/pedidos/servicios/pedidos.service.ts
FN:16,(anonymous_0)
FN:23,(anonymous_1)
FN:25,(anonymous_2)
FN:26,(anonymous_3)
FNF:4
FNH:4
FNDA:4,(anonymous_0)
FNDA:3,(anonymous_1)
FNDA:3,(anonymous_2)
FNDA:4,(anonymous_3)
DA:12,1
DA:13,4
DA:17,4
DA:18,4
DA:20,4
DA:24,3
DA:26,4
LF:7
LH:7
BRDA:29,0,0,4
BRDA:29,0,1,0
BRF:2
BRH:1
end_of_record
TN:
SF:src/app/modules/perfil/paginas/perfil/perfil.component.ts
FN:9,(anonymous_0)
FNF:1
FNH:1
FNDA:1,(anonymous_0)
DA:8,1
LF:1
LH:1
BRF:0
BRH:0
end_of_record
TN:
SF:src/app/shared/componentes/visor-imagenes-dialog/visor-imagenes-dialog.component.ts
FNF:0
FNH:0
DA:12,1
LF:1
LH:1
BRF:0
BRH:0
end_of_record
TN:
SF:src/app/shared/directivas/only-numbers.directive.ts
FN:8,(anonymous_0)
FN:10,(anonymous_1)
FNF:2
FNH:2
FNDA:4,(anonymous_0)
FNDA:2,(anonymous_1)
DA:7,1
DA:8,4
DA:11,2
DA:12,2
DA:13,2
DA:14,1
LF:6
LH:6
BRDA:13,0,0,1
BRF:1
BRH:1
end_of_record
TN:
SF:src/app/shared/guards/validate-token.guard.ts
FN:8,(anonymous_0)
FN:14,(anonymous_1)
FN:15,(anonymous_2)
FNF:3
FNH:3
FNDA:2,(anonymous_0)
FNDA:1,(anonymous_1)
FNDA:1,(anonymous_2)
DA:8,1
DA:9,2
DA:10,2
DA:11,2
DA:13,2
DA:14,1
DA:16,1
DA:17,1
LF:8
LH:8
BRF:0
BRH:0
end_of_record
TN:
SF:src/app/shared/interceptores/http-error.interceptor.ts
FN:3,(anonymous_0)
FNF:1
FNH:0
FNDA:0,(anonymous_0)
DA:3,1
DA:4,0
LF:2
LH:1
BRF:0
BRH:0
end_of_record
TN:
SF:src/app/shared/interceptores/http-headers.interceptor.ts
FN:5,(anonymous_0)
FNF:1
FNH:1
FNDA:3,(anonymous_0)
DA:5,1
DA:6,3
DA:7,3
DA:9,3
DA:10,1
DA:11,1
DA:13,1
DA:20,3
LF:8
LH:8
BRDA:6,0,0,3
BRDA:6,0,1,2
BRDA:9,1,0,1
BRDA:9,2,0,3
BRDA:9,2,1,1
BRF:5
BRH:5
end_of_record
TN:
SF:src/app/shared/interceptores/http-spinner.interceptor.ts
FN:6,(anonymous_0)
FN:12,(anonymous_1)
FNF:2
FNH:2
FNDA:2,(anonymous_0)
FNDA:2,(anonymous_1)
DA:6,1
DA:7,2
DA:9,2
DA:11,2
DA:13,2
LF:5
LH:5
BRF:0
BRH:0
end_of_record
TN:
SF:src/app/shared/otros/date-validators.ts
FN:4,noMenorAFechaActual
FN:5,(anonymous_1)
FN:32,fechaFinMayorAInicio
FN:33,(anonymous_3)
FNF:4
FNH:4
FNDA:12,noMenorAFechaActual
FNDA:24,(anonymous_1)
FNDA:10,fechaFinMayorAInicio
FNDA:30,(anonymous_3)
DA:5,12
DA:7,24
DA:8,13
DA:11,11
DA:14,11
DA:15,11
DA:16,11
DA:17,11
DA:20,11
DA:23,11
DA:24,4
DA:27,7
DA:33,10
DA:34,30
DA:35,0
DA:38,30
DA:39,30
DA:40,30
DA:43,30
DA:44,23
DA:49,7
DA:51,3
DA:52,3
DA:53,3
DA:54,3
DA:56,3
DA:59,4
DA:60,4
DA:61,0
DA:62,0
DA:66,4
LF:31
LH:28
BRDA:7,0,0,13
BRDA:7,1,0,24
BRDA:7,1,1,11
BRDA:23,2,0,4
BRDA:34,3,0,0
BRDA:43,4,0,23
BRDA:43,5,0,30
BRDA:43,5,1,16
BRDA:43,5,2,7
BRDA:43,5,3,7
BRDA:49,6,0,3
BRDA:49,6,1,4
BRDA:52,7,0,3
BRDA:53,8,0,3
BRDA:53,8,1,2
BRDA:60,9,0,0
BRDA:60,10,0,4
BRDA:60,10,1,4
BRDA:62,11,0,0
BRDA:62,11,1,0
BRF:20
BRH:16
end_of_record
TN:
SF:src/app/shared/otros/shared-imports.ts
FNF:0
FNH:0
DA:7,1
LF:1
LH:1
BRF:0
BRH:0
end_of_record
TN:
SF:src/app/shared/pipes/highlight-text.pipe.ts
FN:10,(anonymous_0)
FN:12,(anonymous_1)
FNF:2
FNH:2
FNDA:5,(anonymous_0)
FNDA:4,(anonymous_1)
DA:9,1
DA:10,5
DA:13,4
DA:14,4
DA:15,2
DA:19,2
DA:22,2
DA:27,2
DA:28,2
LF:9
LH:9
BRDA:12,0,0,1
BRDA:13,1,0,3
BRDA:13,1,1,1
BRDA:14,2,0,2
BRDA:14,3,0,4
BRDA:14,3,1,2
BRF:6
BRH:6
end_of_record
TN:
SF:src/app/shared/pipes/local-currency.pipe.ts
FN:11,(anonymous_0)
FN:13,(anonymous_1)
FNF:2
FNH:2
FNDA:23,(anonymous_0)
FNDA:1,(anonymous_1)
DA:10,1
DA:11,23
DA:19,1
DA:20,1
DA:22,1
DA:23,1
LF:6
LH:6
BRDA:20,0,0,1
BRDA:20,0,1,1
BRF:2
BRH:2
end_of_record
TN:
SF:src/app/shared/pipes/local-date.pipe.ts
FN:13,(anonymous_0)
FN:15,(anonymous_1)
FN:21,(anonymous_2)
FNF:3
FNH:3
FNDA:19,(anonymous_0)
FNDA:27,(anonymous_1)
FNDA:9,(anonymous_2)
DA:10,1
DA:11,19
DA:13,19
DA:15,19
DA:17,27
DA:22,9
DA:23,9
DA:25,9
DA:26,7
DA:28,3
DA:30,1
DA:33,2
DA:34,2
DA:37,2
DA:39,1
DA:42,1
DA:45,2
DA:47,1
DA:50,1
DA:55,2
LF:20
LH:20
BRDA:21,0,0,5
BRDA:25,1,0,7
BRDA:26,2,0,3
BRDA:26,2,1,2
BRDA:26,2,2,2
BRDA:28,3,0,1
BRDA:28,3,1,2
BRDA:34,4,0,2
BRDA:34,4,1,0
BRDA:37,5,0,1
BRDA:37,5,1,1
BRDA:45,6,0,1
BRDA:45,6,1,1
BRF:13
BRH:12
end_of_record
TN:
SF:src/app/shared/services/dinamic-search.service.ts
FN:7,(anonymous_0)
FN:15,(anonymous_1)
FN:18,(anonymous_2)
FN:30,(anonymous_3)
FNF:4
FNH:4
FNDA:4,(anonymous_0)
FNDA:6,(anonymous_1)
FNDA:3,(anonymous_2)
FNDA:3,(anonymous_3)
DA:6,1
DA:9,4
DA:10,1
DA:13,3
DA:15,3
DA:16,6
DA:18,3
DA:20,3
DA:21,0
DA:25,3
DA:26,3
DA:30,3
DA:32,3
DA:33,0
DA:37,3
DA:38,3
LF:16
LH:14
BRDA:9,0,0,1
BRDA:9,1,0,4
BRDA:9,1,1,3
BRDA:16,2,0,3
BRDA:16,2,1,3
BRDA:16,3,0,6
BRDA:16,3,1,3
BRDA:20,4,0,0
BRDA:20,5,0,3
BRDA:20,5,1,3
BRDA:32,6,0,0
BRDA:32,7,0,3
BRDA:32,7,1,3
BRF:13
BRH:11
end_of_record
TN:
SF:src/app/shared/services/localization.service.ts
FN:56,(anonymous_0)
FN:43,(anonymous_1)
FN:49,(anonymous_2)
FN:53,(anonymous_3)
FN:69,(anonymous_4)
FN:75,(anonymous_5)
FN:88,(anonymous_6)
FN:95,(anonymous_7)
FN:102,(anonymous_8)
FN:109,(anonymous_9)
FN:117,(anonymous_10)
FN:128,(anonymous_11)
FN:130,(anonymous_12)
FN:141,(anonymous_13)
FN:146,(anonymous_14)
FN:156,(anonymous_15)
FN:160,(anonymous_16)
FN:164,(anonymous_17)
FN:168,(anonymous_18)
FN:173,(anonymous_19)
FN:177,(anonymous_20)
FNF:21
FNH:17
FNDA:15,(anonymous_0)
FNDA:45,(anonymous_1)
FNDA:3,(anonymous_2)
FNDA:1,(anonymous_3)
FNDA:15,(anonymous_4)
FNDA:0,(anonymous_5)
FNDA:45,(anonymous_6)
FNDA:0,(anonymous_7)
FNDA:0,(anonymous_8)
FNDA:0,(anonymous_9)
FNDA:31,(anonymous_10)
FNDA:16,(anonymous_11)
FNDA:26,(anonymous_12)
FNDA:2,(anonymous_13)
FNDA:5,(anonymous_14)
FNDA:10,(anonymous_15)
FNDA:6,(anonymous_16)
FNDA:23,(anonymous_17)
FNDA:4,(anonymous_18)
FNDA:6,(anonymous_19)
FNDA:1,(anonymous_20)
DA:15,1
DA:17,15
DA:42,15
DA:43,45
DA:45,15
DA:48,15
DA:49,3
DA:52,15
DA:53,1
DA:57,15
DA:58,15
DA:61,15
DA:62,15
DA:63,15
DA:66,15
DA:71,15
DA:73,15
DA:75,0
DA:76,0
DA:77,0
DA:78,0
DA:83,15
DA:85,15
DA:88,45
DA:90,15
DA:92,0
DA:95,0
DA:98,15
DA:99,15
DA:102,0
DA:103,0
DA:104,0
DA:108,0
DA:109,0
DA:110,0
DA:111,0
DA:119,31
DA:122,31
DA:125,31
DA:130,26
DA:132,16
DA:133,1
DA:134,1
DA:137,15
DA:142,2
DA:145,2
DA:146,5
DA:149,2
DA:150,1
DA:152,1
DA:157,10
DA:161,6
DA:165,23
DA:169,4
DA:170,4
DA:174,6
DA:178,1
LF:57
LH:44
BRDA:43,0,0,15
BRDA:43,0,1,0
BRDA:49,1,0,3
BRDA:49,1,1,0
BRDA:53,2,0,1
BRDA:53,2,1,0
BRDA:73,3,0,0
BRDA:76,4,0,0
BRDA:90,5,0,0
BRDA:98,6,0,15
BRDA:98,6,1,0
BRDA:103,7,0,0
BRDA:110,8,0,0
BRDA:132,9,0,1
BRDA:146,10,0,5
BRDA:146,10,1,4
BRDA:149,11,0,1
BRDA:149,11,1,1
BRDA:157,12,0,10
BRDA:157,12,1,0
BRDA:161,13,0,6
BRDA:161,13,1,0
BRDA:174,14,0,6
BRDA:174,14,1,0
BRF:24
BRH:12
end_of_record
TN:
SF:src/app/shared/services/spinner.service.ts
FN:8,(anonymous_0)
FN:10,(anonymous_1)
FN:14,(anonymous_2)
FNF:3
FNH:3
FNDA:3,(anonymous_0)
FNDA:1,(anonymous_1)
FNDA:1,(anonymous_2)
DA:7,1
DA:8,3
DA:11,1
DA:15,1
LF:4
LH:4
BRF:0
BRH:0
end_of_record
TN:
SF:src/environments/environment.ts
FNF:0
FNH:0
DA:5,1
LF:1
LH:1
BRF:0
BRH:0
end_of_record
