TN:
SF:src/test.ts
FNF:0
FNH:0
DA:11,1
LF:1
LH:1
BRF:0
BRH:0
end_of_record
TN:
SF:src/zone-flags.ts
FNF:0
FNH:0
DA:6,1
LF:1
LH:1
BRF:0
BRH:0
end_of_record
TN:
SF:src/app/app.component.ts
FN:14,(anonymous_0)
FNF:1
FNH:1
FNDA:1,(anonymous_0)
DA:13,1
DA:14,1
LF:2
LH:2
BRF:0
BRH:0
end_of_record
TN:
SF:src/app/modules/auth/paginas/change-password/change-password.component.ts
FN:9,(anonymous_0)
FNF:1
FNH:1
FNDA:1,(anonymous_0)
DA:8,1
LF:1
LH:1
BRF:0
BRH:0
end_of_record
TN:
SF:src/app/modules/auth/paginas/login/login.component.ts
FN:25,(anonymous_0)
FN:31,(anonymous_1)
FN:36,(anonymous_2)
FN:43,(anonymous_3)
FN:59,(anonymous_4)
FN:63,(anonymous_5)
FN:66,(anonymous_6)
FNF:7
FNH:7
FNDA:7,(anonymous_0)
FNDA:2,(anonymous_1)
FNDA:32,(anonymous_2)
FNDA:32,(anonymous_3)
FNDA:3,(anonymous_4)
FNDA:1,(anonymous_5)
FNDA:1,(anonymous_6)
DA:17,1
DA:18,7
DA:23,7
DA:26,7
DA:27,7
DA:28,7
DA:32,2
DA:33,2
DA:37,32
DA:44,32
DA:45,29
DA:48,3
DA:49,1
DA:52,2
DA:53,1
DA:56,1
DA:60,3
DA:61,3
DA:62,2
DA:64,1
DA:65,1
DA:66,1
DA:67,1
LF:23
LH:23
BRDA:33,0,0,1
BRDA:33,0,1,1
BRDA:38,1,0,32
BRDA:38,1,1,31
BRDA:38,1,2,31
BRDA:44,2,0,29
BRDA:48,3,0,1
BRDA:48,4,0,3
BRDA:48,4,1,2
BRDA:52,5,0,1
BRDA:52,6,0,2
BRDA:52,6,1,1
BRDA:61,7,0,2
BRDA:61,8,0,3
BRDA:61,8,1,2
BRF:15
BRH:15
end_of_record
TN:
SF:src/app/modules/auth/servicios/login.service.ts
FN:15,(anonymous_0)
FN:21,(anonymous_1)
FN:27,(anonymous_2)
FN:33,(anonymous_3)
FN:40,(anonymous_4)
FN:41,(anonymous_5)
FN:46,(anonymous_6)
FNF:7
FNH:5
FNDA:3,(anonymous_0)
FNDA:1,(anonymous_1)
FNDA:1,(anonymous_2)
FNDA:1,(anonymous_3)
FNDA:0,(anonymous_4)
FNDA:0,(anonymous_5)
FNDA:1,(anonymous_6)
DA:12,1
DA:13,3
DA:16,3
DA:17,3
DA:18,3
DA:22,1
DA:23,1
DA:25,1
DA:28,1
DA:29,1
DA:30,1
DA:31,1
DA:34,1
DA:35,0
DA:36,0
DA:38,1
DA:41,0
DA:47,1
DA:48,1
DA:49,1
LF:20
LH:17
BRDA:34,0,0,0
BRF:1
BRH:0
end_of_record
TN:
SF:src/app/modules/auth/servicios/usuario.service.ts
FN:10,(anonymous_0)
FN:14,(anonymous_1)
FN:18,(anonymous_2)
FNF:3
FNH:3
FNDA:2,(anonymous_0)
FNDA:4,(anonymous_1)
FNDA:3,(anonymous_2)
DA:7,1
DA:11,2
DA:15,4
DA:19,3
DA:20,3
DA:21,1
DA:23,2
LF:7
LH:7
BRDA:20,0,0,1
BRDA:23,1,0,2
BRDA:23,1,1,1
BRF:3
BRH:3
end_of_record
TN:
SF:src/app/modules/clientes/paginas/clientes/clientes.component.ts
FN:43,(anonymous_0)
FN:49,(anonymous_1)
FN:53,(anonymous_2)
FN:54,(anonymous_3)
FN:60,(anonymous_4)
FN:63,(anonymous_5)
FN:67,(anonymous_6)
FN:74,(anonymous_7)
FNF:8
FNH:8
FNDA:8,(anonymous_0)
FNDA:9,(anonymous_1)
FNDA:9,(anonymous_2)
FNDA:9,(anonymous_3)
FNDA:10,(anonymous_4)
FNDA:11,(anonymous_5)
FNDA:15,(anonymous_6)
FNDA:1,(anonymous_7)
DA:38,1
DA:39,8
DA:40,8
DA:44,8
DA:45,8
DA:46,8
DA:50,9
DA:54,9
DA:55,9
DA:56,9
DA:61,10
DA:63,11
DA:68,15
DA:69,3
DA:71,12
DA:75,1
LF:16
LH:16
BRDA:63,0,0,11
BRDA:63,0,1,11
BRDA:68,1,0,3
BRF:3
BRH:3
end_of_record
TN:
SF:src/app/modules/clientes/servicios/clientes.service.ts
FN:13,(anonymous_0)
FN:15,(anonymous_1)
FN:17,(anonymous_2)
FN:18,(anonymous_3)
FNF:4
FNH:4
FNDA:4,(anonymous_0)
FNDA:3,(anonymous_1)
FNDA:2,(anonymous_2)
FNDA:2,(anonymous_3)
DA:10,1
DA:11,4
DA:13,4
DA:16,3
DA:18,2
DA:19,2
DA:31,2
LF:7
LH:7
BRF:0
BRH:0
end_of_record
TN:
SF:src/app/modules/layout/paginas/layout/layout.component.ts
FN:18,(anonymous_0)
FNF:1
FNH:1
FNDA:1,(anonymous_0)
DA:15,1
DA:16,1
DA:19,1
LF:3
LH:3
BRF:0
BRH:0
end_of_record
TN:
SF:src/app/modules/rutas/componentes/detalle-ruta/detalle-ruta.component.ts
FN:74,(anonymous_0)
FN:76,(anonymous_1)
FN:77,(anonymous_2)
FN:83,(anonymous_3)
FN:84,(anonymous_4)
FN:87,(anonymous_5)
FN:98,(anonymous_6)
FN:100,(anonymous_7)
FN:109,(anonymous_8)
FN:113,(anonymous_9)
FN:119,(anonymous_10)
FN:125,(anonymous_11)
FN:131,(anonymous_12)
FN:139,(anonymous_13)
FN:150,(anonymous_14)
FN:197,(anonymous_15)
FN:199,(anonymous_16)
FN:208,(anonymous_17)
FN:212,(anonymous_18)
FN:224,(anonymous_19)
FN:232,(anonymous_20)
FN:249,(anonymous_21)
FN:250,(anonymous_22)
FN:266,(anonymous_23)
FN:290,(anonymous_24)
FN:305,(anonymous_25)
FN:336,(anonymous_26)
FN:355,(anonymous_27)
FN:377,(anonymous_28)
FNF:29
FNH:17
FNDA:12,(anonymous_0)
FNDA:10,(anonymous_1)
FNDA:10,(anonymous_2)
FNDA:0,(anonymous_3)
FNDA:0,(anonymous_4)
FNDA:0,(anonymous_5)
FNDA:0,(anonymous_6)
FNDA:0,(anonymous_7)
FNDA:1,(anonymous_8)
FNDA:1,(anonymous_9)
FNDA:0,(anonymous_10)
FNDA:15,(anonymous_11)
FNDA:0,(anonymous_12)
FNDA:0,(anonymous_13)
FNDA:4,(anonymous_14)
FNDA:0,(anonymous_15)
FNDA:0,(anonymous_16)
FNDA:0,(anonymous_17)
FNDA:0,(anonymous_18)
FNDA:14,(anonymous_19)
FNDA:37,(anonymous_20)
FNDA:36,(anonymous_21)
FNDA:36,(anonymous_22)
FNDA:15,(anonymous_23)
FNDA:14,(anonymous_24)
FNDA:14,(anonymous_25)
FNDA:14,(anonymous_26)
FNDA:14,(anonymous_27)
FNDA:14,(anonymous_28)
DA:36,1
DA:42,12
DA:44,12
DA:45,12
DA:46,12
DA:47,12
DA:48,12
DA:50,12
DA:52,12
DA:54,12
DA:62,12
DA:72,12
DA:77,10
DA:78,10
DA:79,10
DA:84,0
DA:85,0
DA:87,0
DA:88,0
DA:89,0
DA:91,0
DA:94,0
DA:95,0
DA:96,0
DA:97,0
DA:98,0
DA:100,0
DA:101,0
DA:102,0
DA:105,0
DA:110,1
DA:114,1
DA:118,1
DA:119,0
DA:120,0
DA:126,15
DA:129,2
DA:131,0
DA:132,0
DA:133,0
DA:135,0
DA:139,2
DA:140,2
DA:141,2
DA:144,2
DA:147,2
DA:150,2
DA:152,4
DA:153,4
DA:155,4
DA:156,0
DA:157,0
DA:161,4
DA:164,4
DA:176,4
DA:189,4
DA:197,4
DA:199,0
DA:201,0
DA:208,4
DA:210,0
DA:211,0
DA:212,0
DA:213,0
DA:219,4
DA:220,4
DA:225,14
DA:226,1
DA:227,1
DA:230,13
DA:232,13
DA:233,37
DA:234,37
DA:236,37
DA:237,1
DA:238,1
DA:240,36
DA:243,13
DA:244,1
DA:245,1
DA:249,36
DA:250,36
DA:251,12
DA:257,12
DA:260,12
DA:262,0
DA:267,15
DA:268,1
DA:270,1
DA:271,1
DA:273,1
DA:276,14
DA:279,14
DA:284,14
DA:290,14
DA:296,14
DA:305,14
DA:306,14
DA:307,14
DA:308,14
DA:311,14
DA:312,14
DA:316,14
DA:319,14
DA:320,14
DA:321,14
DA:322,14
DA:325,0
DA:327,0
DA:330,0
DA:338,14
DA:340,14
DA:341,0
DA:344,14
DA:347,14
DA:348,14
DA:355,14
DA:357,14
DA:358,0
DA:367,14
DA:368,14
DA:374,14
DA:378,14
DA:380,14
DA:381,14
DA:384,14
DA:385,42
DA:386,42
DA:388,42
DA:389,42
DA:394,14
DA:395,14
DA:398,14
DA:399,14
DA:402,14
DA:403,14
DA:406,14
DA:408,14
DA:409,14
DA:410,14
DA:411,13
DA:412,13
DA:413,1
DA:414,1
DA:415,1
DA:416,1
DA:417,1
DA:419,14
DA:421,0
DA:423,0
LF:150
LH:113
BRDA:85,0,0,0
BRDA:85,1,0,0
BRDA:85,1,1,0
BRDA:118,2,0,0
BRDA:126,3,0,13
BRDA:129,4,0,0
BRDA:144,5,0,2
BRDA:144,5,1,0
BRDA:155,6,0,0
BRDA:155,7,0,4
BRDA:155,7,1,4
BRDA:167,8,0,4
BRDA:167,8,1,0
BRDA:178,9,0,4
BRDA:178,9,1,0
BRDA:179,10,0,4
BRDA:179,10,1,0
BRDA:180,11,0,4
BRDA:180,11,1,0
BRDA:211,12,0,0
BRDA:225,13,0,1
BRDA:225,14,0,14
BRDA:225,14,1,14
BRDA:236,15,0,1
BRDA:236,16,0,37
BRDA:236,16,1,36
BRDA:243,17,0,1
BRDA:267,18,0,1
BRDA:270,19,0,1
BRDA:306,20,0,14
BRDA:306,20,1,0
BRDA:311,21,0,14
BRDA:319,22,0,14
BRDA:340,23,0,0
BRDA:340,24,0,14
BRDA:340,24,1,14
BRDA:357,25,0,0
BRDA:378,26,0,0
BRDA:378,27,0,14
BRDA:378,27,1,14
BRDA:378,27,2,14
BRDA:388,28,0,42
BRDA:388,29,0,42
BRDA:388,29,1,42
BRDA:408,30,0,0
BRDA:408,30,1,14
BRDA:409,31,0,0
BRDA:409,31,1,14
BRDA:410,32,0,1
BRDA:410,32,1,13
BRDA:411,33,0,0
BRDA:411,33,1,13
BRDA:412,34,0,12
BRDA:412,34,1,1
BRDA:413,35,0,0
BRDA:413,35,1,1
BRDA:414,36,0,0
BRDA:414,36,1,1
BRDA:415,37,0,0
BRDA:415,37,1,1
BRDA:416,38,0,0
BRDA:416,38,1,1
BRF:62
BRH:39
end_of_record
TN:
SF:src/app/modules/rutas/servicios/rutas.service.ts
FN:16,(anonymous_0)
FN:23,(anonymous_1)
FN:26,(anonymous_2)
FN:29,(anonymous_3)
FNF:4
FNH:4
FNDA:4,(anonymous_0)
FNDA:2,(anonymous_1)
FNDA:2,(anonymous_2)
FNDA:1,(anonymous_3)
DA:12,1
DA:13,4
DA:17,4
DA:18,4
DA:20,4
DA:24,2
DA:25,2
DA:27,2
DA:29,2
DA:30,1
DA:39,1
DA:41,2
LF:12
LH:12
BRDA:24,0,0,2
BRDA:24,0,1,0
BRDA:37,1,0,1
BRDA:37,1,1,0
BRF:4
BRH:2
end_of_record
TN:
SF:src/app/modules/visitas/paginas/visitas/visitas.component.ts
FN:13,(anonymous_0)
FNF:1
FNH:1
FNDA:1,(anonymous_0)
DA:12,1
LF:1
LH:1
BRF:0
BRH:0
end_of_record
TN:
SF:src/app/shared/interceptores/http-error.interceptor.ts
FN:3,(anonymous_0)
FNF:1
FNH:0
FNDA:0,(anonymous_0)
DA:3,1
DA:4,0
LF:2
LH:1
BRF:0
BRH:0
end_of_record
TN:
SF:src/app/shared/interceptores/http-headers.interceptor.ts
FN:5,(anonymous_0)
FNF:1
FNH:1
FNDA:3,(anonymous_0)
DA:5,1
DA:6,3
DA:7,1
DA:8,1
DA:10,1
DA:16,3
LF:6
LH:6
BRDA:6,0,0,1
BRDA:6,1,0,3
BRDA:6,1,1,2
BRF:3
BRH:3
end_of_record
TN:
SF:src/app/shared/interceptores/http-spinner.interceptor.ts
FN:6,(anonymous_0)
FN:12,(anonymous_1)
FNF:2
FNH:2
FNDA:2,(anonymous_0)
FNDA:2,(anonymous_1)
DA:6,1
DA:7,2
DA:9,2
DA:11,2
DA:13,2
LF:5
LH:5
BRF:0
BRH:0
end_of_record
TN:
SF:src/app/shared/otros/date-validators.ts
FN:4,noMenorAFechaActual
FN:5,(anonymous_1)
FN:32,fechaFinMayorAInicio
FN:33,(anonymous_3)
FNF:4
FNH:4
FNDA:12,noMenorAFechaActual
FNDA:24,(anonymous_1)
FNDA:10,fechaFinMayorAInicio
FNDA:30,(anonymous_3)
DA:5,12
DA:7,24
DA:8,13
DA:11,11
DA:14,11
DA:15,11
DA:16,11
DA:17,11
DA:20,11
DA:23,11
DA:24,4
DA:27,7
DA:33,10
DA:34,30
DA:35,0
DA:38,30
DA:39,30
DA:40,30
DA:43,30
DA:44,23
DA:49,7
DA:51,3
DA:52,3
DA:53,3
DA:54,3
DA:56,3
DA:59,4
DA:60,4
DA:61,0
DA:62,0
DA:66,4
LF:31
LH:28
BRDA:7,0,0,13
BRDA:7,1,0,24
BRDA:7,1,1,11
BRDA:23,2,0,4
BRDA:34,3,0,0
BRDA:43,4,0,23
BRDA:43,5,0,30
BRDA:43,5,1,16
BRDA:43,5,2,7
BRDA:43,5,3,7
BRDA:49,6,0,3
BRDA:49,6,1,4
BRDA:52,7,0,3
BRDA:53,8,0,3
BRDA:53,8,1,2
BRDA:60,9,0,0
BRDA:60,10,0,4
BRDA:60,10,1,4
BRDA:62,11,0,0
BRDA:62,11,1,0
BRF:20
BRH:16
end_of_record
TN:
SF:src/app/shared/otros/shared-imports.ts
FNF:0
FNH:0
DA:7,1
LF:1
LH:1
BRF:0
BRH:0
end_of_record
TN:
SF:src/app/shared/pipes/highlight-text.pipe.ts
FN:10,(anonymous_0)
FN:12,(anonymous_1)
FNF:2
FNH:2
FNDA:69,(anonymous_0)
FNDA:132,(anonymous_1)
DA:9,1
DA:10,69
DA:13,132
DA:14,132
DA:15,130
DA:18,2
DA:20,2
DA:23,2
DA:28,2
DA:29,2
DA:32,0
DA:33,0
LF:12
LH:10
BRDA:12,0,0,1
BRDA:13,1,0,131
BRDA:13,1,1,1
BRDA:14,2,0,130
BRDA:14,3,0,132
BRDA:14,3,1,2
BRF:6
BRH:6
end_of_record
TN:
SF:src/app/shared/pipes/local-currency.pipe.ts
FN:11,(anonymous_0)
FN:13,(anonymous_1)
FNF:2
FNH:2
FNDA:3,(anonymous_0)
FNDA:1,(anonymous_1)
DA:10,1
DA:11,3
DA:19,1
DA:20,1
DA:22,1
DA:23,1
LF:6
LH:6
BRDA:20,0,0,1
BRDA:20,0,1,1
BRF:2
BRH:2
end_of_record
TN:
SF:src/app/shared/pipes/local-date.pipe.ts
FN:13,(anonymous_0)
FN:15,(anonymous_1)
FN:21,(anonymous_2)
FNF:3
FNH:3
FNDA:13,(anonymous_0)
FNDA:21,(anonymous_1)
FNDA:9,(anonymous_2)
DA:10,1
DA:11,13
DA:13,13
DA:15,13
DA:17,21
DA:22,9
DA:23,9
DA:25,9
DA:26,7
DA:28,3
DA:30,1
DA:33,2
DA:34,2
DA:37,2
DA:39,1
DA:42,1
DA:45,2
DA:47,1
DA:50,1
DA:55,2
LF:20
LH:20
BRDA:21,0,0,5
BRDA:25,1,0,7
BRDA:26,2,0,3
BRDA:26,2,1,2
BRDA:26,2,2,2
BRDA:28,3,0,1
BRDA:28,3,1,2
BRDA:34,4,0,2
BRDA:34,4,1,0
BRDA:37,5,0,1
BRDA:37,5,1,1
BRDA:45,6,0,1
BRDA:45,6,1,1
BRF:13
BRH:12
end_of_record
TN:
SF:src/app/shared/services/dinamic-search.service.ts
FN:7,(anonymous_0)
FN:15,(anonymous_1)
FN:18,(anonymous_2)
FN:30,(anonymous_3)
FNF:4
FNH:4
FNDA:4,(anonymous_0)
FNDA:6,(anonymous_1)
FNDA:3,(anonymous_2)
FNDA:3,(anonymous_3)
DA:6,1
DA:9,4
DA:10,1
DA:13,3
DA:15,3
DA:16,6
DA:18,3
DA:20,3
DA:21,0
DA:25,3
DA:26,3
DA:30,3
DA:32,3
DA:33,0
DA:37,3
DA:38,3
LF:16
LH:14
BRDA:9,0,0,1
BRDA:9,1,0,4
BRDA:9,1,1,3
BRDA:16,2,0,3
BRDA:16,2,1,3
BRDA:16,3,0,6
BRDA:16,3,1,3
BRDA:20,4,0,0
BRDA:20,5,0,3
BRDA:20,5,1,3
BRDA:32,6,0,0
BRDA:32,7,0,3
BRDA:32,7,1,3
BRF:13
BRH:11
end_of_record
TN:
SF:src/app/shared/services/localization.service.ts
FN:56,(anonymous_0)
FN:43,(anonymous_1)
FN:49,(anonymous_2)
FN:53,(anonymous_3)
FN:69,(anonymous_4)
FN:75,(anonymous_5)
FN:88,(anonymous_6)
FN:95,(anonymous_7)
FN:102,(anonymous_8)
FN:109,(anonymous_9)
FN:117,(anonymous_10)
FN:128,(anonymous_11)
FN:130,(anonymous_12)
FN:141,(anonymous_13)
FN:146,(anonymous_14)
FN:156,(anonymous_15)
FN:160,(anonymous_16)
FN:164,(anonymous_17)
FN:168,(anonymous_18)
FN:173,(anonymous_19)
FN:177,(anonymous_20)
FNF:21
FNH:17
FNDA:15,(anonymous_0)
FNDA:45,(anonymous_1)
FNDA:3,(anonymous_2)
FNDA:1,(anonymous_3)
FNDA:15,(anonymous_4)
FNDA:0,(anonymous_5)
FNDA:45,(anonymous_6)
FNDA:0,(anonymous_7)
FNDA:0,(anonymous_8)
FNDA:0,(anonymous_9)
FNDA:31,(anonymous_10)
FNDA:16,(anonymous_11)
FNDA:26,(anonymous_12)
FNDA:2,(anonymous_13)
FNDA:5,(anonymous_14)
FNDA:10,(anonymous_15)
FNDA:6,(anonymous_16)
FNDA:23,(anonymous_17)
FNDA:4,(anonymous_18)
FNDA:6,(anonymous_19)
FNDA:1,(anonymous_20)
DA:15,1
DA:17,15
DA:42,15
DA:43,45
DA:45,15
DA:48,15
DA:49,3
DA:52,15
DA:53,1
DA:57,15
DA:58,15
DA:61,15
DA:62,15
DA:63,15
DA:66,15
DA:71,15
DA:73,15
DA:75,0
DA:76,0
DA:77,0
DA:78,0
DA:83,15
DA:85,15
DA:88,45
DA:90,15
DA:92,0
DA:95,0
DA:98,15
DA:99,15
DA:102,0
DA:103,0
DA:104,0
DA:108,0
DA:109,0
DA:110,0
DA:111,0
DA:119,31
DA:122,31
DA:125,31
DA:130,26
DA:132,16
DA:133,1
DA:134,1
DA:137,15
DA:142,2
DA:145,2
DA:146,5
DA:149,2
DA:150,1
DA:152,1
DA:157,10
DA:161,6
DA:165,23
DA:169,4
DA:170,4
DA:174,6
DA:178,1
LF:57
LH:44
BRDA:43,0,0,15
BRDA:43,0,1,0
BRDA:49,1,0,3
BRDA:49,1,1,0
BRDA:53,2,0,1
BRDA:53,2,1,0
BRDA:73,3,0,0
BRDA:76,4,0,0
BRDA:90,5,0,0
BRDA:98,6,0,15
BRDA:98,6,1,0
BRDA:103,7,0,0
BRDA:110,8,0,0
BRDA:132,9,0,1
BRDA:146,10,0,5
BRDA:146,10,1,4
BRDA:149,11,0,1
BRDA:149,11,1,1
BRDA:157,12,0,10
BRDA:157,12,1,0
BRDA:161,13,0,6
BRDA:161,13,1,0
BRDA:174,14,0,6
BRDA:174,14,1,0
BRF:24
BRH:12
end_of_record
TN:
SF:src/app/shared/services/spinner.service.ts
FN:8,(anonymous_0)
FN:10,(anonymous_1)
FN:14,(anonymous_2)
FNF:3
FNH:3
FNDA:3,(anonymous_0)
FNDA:1,(anonymous_1)
FNDA:1,(anonymous_2)
DA:7,1
DA:8,3
DA:11,1
DA:15,1
LF:4
LH:4
BRF:0
BRH:0
end_of_record
TN:
SF:src/environments/environment.ts
FNF:0
FNH:0
DA:5,1
LF:1
LH:1
BRF:0
BRH:0
end_of_record
