TN:
SF:src/test.ts
FNF:0
FNH:0
DA:11,1
LF:1
LH:1
BRF:0
BRH:0
end_of_record
TN:
SF:src/zone-flags.ts
FNF:0
FNH:0
DA:6,1
LF:1
LH:1
BRF:0
BRH:0
end_of_record
TN:
SF:src/app/app.component.ts
FN:14,(anonymous_0)
FNF:1
FNH:1
FNDA:1,(anonymous_0)
DA:13,1
DA:14,1
LF:2
LH:2
BRF:0
BRH:0
end_of_record
TN:
SF:src/app/modules/auth/paginas/change-password/change-password.component.ts
FN:9,(anonymous_0)
FNF:1
FNH:1
FNDA:1,(anonymous_0)
DA:8,1
LF:1
LH:1
BRF:0
BRH:0
end_of_record
TN:
SF:src/app/modules/auth/paginas/login/login.component.ts
FN:25,(anonymous_0)
FN:31,(anonymous_1)
FN:36,(anonymous_2)
FN:43,(anonymous_3)
FN:59,(anonymous_4)
FN:63,(anonymous_5)
FN:65,(anonymous_6)
FNF:7
FNH:7
FNDA:7,(anonymous_0)
FNDA:2,(anonymous_1)
FNDA:32,(anonymous_2)
FNDA:32,(anonymous_3)
FNDA:3,(anonymous_4)
FNDA:1,(anonymous_5)
FNDA:1,(anonymous_6)
DA:17,1
DA:18,7
DA:23,7
DA:26,7
DA:27,7
DA:28,7
DA:32,2
DA:33,2
DA:37,32
DA:44,32
DA:45,29
DA:48,3
DA:49,1
DA:52,2
DA:53,1
DA:56,1
DA:60,3
DA:61,3
DA:62,2
DA:64,1
DA:65,1
DA:66,1
LF:22
LH:22
BRDA:33,0,0,1
BRDA:33,0,1,1
BRDA:38,1,0,32
BRDA:38,1,1,31
BRDA:38,1,2,31
BRDA:44,2,0,29
BRDA:48,3,0,1
BRDA:48,4,0,3
BRDA:48,4,1,2
BRDA:52,5,0,1
BRDA:52,6,0,2
BRDA:52,6,1,1
BRDA:61,7,0,2
BRDA:61,8,0,3
BRDA:61,8,1,2
BRF:15
BRH:15
end_of_record
TN:
SF:src/app/modules/auth/servicios/login.service.ts
FN:15,(anonymous_0)
FN:21,(anonymous_1)
FN:24,(anonymous_2)
FN:30,(anonymous_3)
FN:37,(anonymous_4)
FN:38,(anonymous_5)
FN:43,(anonymous_6)
FNF:7
FNH:7
FNDA:5,(anonymous_0)
FNDA:3,(anonymous_1)
FNDA:2,(anonymous_2)
FNDA:2,(anonymous_3)
FNDA:2,(anonymous_4)
FNDA:2,(anonymous_5)
FNDA:2,(anonymous_6)
DA:12,1
DA:13,5
DA:16,5
DA:17,5
DA:18,5
DA:22,3
DA:25,2
DA:26,2
DA:27,2
DA:28,2
DA:31,2
DA:32,1
DA:33,1
DA:35,1
DA:38,2
DA:44,2
DA:45,2
DA:46,2
LF:18
LH:18
BRDA:31,0,0,1
BRF:1
BRH:1
end_of_record
TN:
SF:src/app/modules/auth/servicios/usuario.service.ts
FN:10,(anonymous_0)
FN:14,(anonymous_1)
FN:18,(anonymous_2)
FNF:3
FNH:3
FNDA:2,(anonymous_0)
FNDA:2,(anonymous_1)
FNDA:2,(anonymous_2)
DA:7,1
DA:11,2
DA:15,2
DA:19,2
DA:20,2
DA:21,1
DA:23,1
LF:7
LH:7
BRDA:20,0,0,1
BRF:1
BRH:1
end_of_record
TN:
SF:src/app/modules/clientes/paginas/clientes/clientes.component.ts
FN:44,(anonymous_0)
FN:51,(anonymous_1)
FN:52,(anonymous_2)
FN:58,(anonymous_3)
FN:61,(anonymous_4)
FN:65,(anonymous_5)
FN:72,(anonymous_6)
FN:76,(anonymous_7)
FN:80,(anonymous_8)
FNF:9
FNH:9
FNDA:9,(anonymous_0)
FNDA:4,(anonymous_1)
FNDA:4,(anonymous_2)
FNDA:5,(anonymous_3)
FNDA:2,(anonymous_4)
FNDA:6,(anonymous_5)
FNDA:1,(anonymous_6)
FNDA:1,(anonymous_7)
FNDA:1,(anonymous_8)
DA:39,1
DA:40,9
DA:41,9
DA:45,9
DA:46,9
DA:47,9
DA:48,9
DA:52,4
DA:53,4
DA:54,4
DA:59,5
DA:61,2
DA:66,6
DA:67,3
DA:69,3
DA:73,1
DA:77,1
DA:81,1
DA:82,1
LF:19
LH:19
BRDA:61,0,0,2
BRDA:61,0,1,2
BRDA:66,1,0,3
BRF:3
BRH:3
end_of_record
TN:
SF:src/app/modules/clientes/servicios/clientes.service.ts
FN:15,(anonymous_0)
FN:17,(anonymous_1)
FN:19,(anonymous_2)
FN:21,(anonymous_3)
FN:39,(anonymous_4)
FN:43,(anonymous_5)
FNF:6
FNH:6
FNDA:6,(anonymous_0)
FNDA:3,(anonymous_1)
FNDA:2,(anonymous_2)
FNDA:2,(anonymous_3)
FNDA:2,(anonymous_4)
FNDA:3,(anonymous_5)
DA:10,1
DA:11,6
DA:13,6
DA:15,6
DA:18,3
DA:20,2
DA:21,2
DA:22,2
DA:34,2
DA:40,2
DA:44,3
LF:11
LH:11
BRF:0
BRH:0
end_of_record
TN:
SF:src/app/modules/detalle-cliente/componentes/grabar-video/grabar-video.component.ts
FN:43,(anonymous_0)
FN:48,(anonymous_1)
FN:55,(anonymous_2)
FN:62,(anonymous_3)
FN:86,(anonymous_4)
FN:109,(anonymous_5)
FN:118,(anonymous_6)
FN:124,(anonymous_7)
FN:134,(anonymous_8)
FN:142,(anonymous_9)
FN:160,(anonymous_10)
FN:196,(anonymous_11)
FN:208,(anonymous_12)
FN:225,(anonymous_13)
FN:249,(anonymous_14)
FN:287,(anonymous_15)
FN:303,(anonymous_16)
FN:314,(anonymous_17)
FNF:18
FNH:9
FNDA:15,(anonymous_0)
FNDA:16,(anonymous_1)
FNDA:15,(anonymous_2)
FNDA:0,(anonymous_3)
FNDA:0,(anonymous_4)
FNDA:1,(anonymous_5)
FNDA:0,(anonymous_6)
FNDA:0,(anonymous_7)
FNDA:3,(anonymous_8)
FNDA:0,(anonymous_9)
FNDA:0,(anonymous_10)
FNDA:1,(anonymous_11)
FNDA:2,(anonymous_12)
FNDA:1,(anonymous_13)
FNDA:0,(anonymous_14)
FNDA:4,(anonymous_15)
FNDA:0,(anonymous_16)
FNDA:0,(anonymous_17)
DA:32,1
DA:33,15
DA:35,15
DA:36,15
DA:37,15
DA:38,15
DA:39,15
DA:40,15
DA:41,15
DA:44,15
DA:45,15
DA:50,16
DA:51,16
DA:57,15
DA:58,5
DA:63,0
DA:64,0
DA:68,0
DA:72,0
DA:74,0
DA:75,0
DA:77,0
DA:78,0
DA:81,0
DA:82,0
DA:87,0
DA:88,0
DA:94,0
DA:95,0
DA:96,0
DA:98,0
DA:99,0
DA:100,0
DA:103,0
DA:104,0
DA:105,0
DA:110,1
DA:119,0
DA:125,0
DA:131,1
DA:136,3
DA:137,1
DA:139,3
DA:143,0
DA:144,0
DA:148,0
DA:149,0
DA:152,0
DA:153,0
DA:157,0
DA:158,0
DA:160,0
DA:161,0
DA:163,0
DA:164,0
DA:165,0
DA:166,0
DA:169,0
DA:171,0
DA:172,0
DA:191,0
DA:192,0
DA:197,1
DA:205,1
DA:209,2
DA:210,0
DA:211,0
DA:214,0
DA:219,0
DA:220,0
DA:226,1
DA:227,1
DA:228,1
DA:231,1
DA:234,0
DA:236,0
DA:239,0
DA:241,0
DA:244,1
DA:250,0
DA:252,0
DA:255,0
DA:258,0
DA:266,0
DA:271,0
DA:272,0
DA:274,0
DA:275,0
DA:276,0
DA:278,0
DA:280,0
DA:283,0
DA:288,4
DA:289,1
DA:290,1
DA:293,3
DA:294,3
DA:295,3
DA:296,3
DA:298,0
DA:304,0
DA:305,0
DA:306,0
DA:307,0
DA:309,0
DA:315,0
DA:316,0
DA:317,0
DA:318,0
DA:319,0
DA:321,0
DA:324,0
LF:112
LH:35
BRDA:50,0,0,16
BRDA:57,1,0,5
BRDA:72,2,0,0
BRDA:72,2,1,0
BRDA:72,3,0,0
BRDA:72,3,1,0
BRDA:94,4,0,0
BRDA:94,4,1,0
BRDA:136,5,0,1
BRDA:143,6,0,0
BRDA:148,7,0,0
BRDA:152,8,0,0
BRDA:163,9,0,0
BRDA:209,10,0,0
BRDA:209,11,0,2
BRDA:209,11,1,1
BRDA:226,12,0,1
BRDA:234,13,0,0
BRDA:234,13,1,0
BRDA:234,14,0,0
BRDA:234,14,1,0
BRDA:252,15,0,0
BRDA:252,15,1,0
BRDA:271,16,0,0
BRDA:271,17,0,0
BRDA:271,17,1,0
BRDA:288,18,0,1
BRDA:293,19,0,3
BRDA:304,20,0,0
BRDA:306,21,0,0
BRDA:306,21,1,0
BRDA:315,22,0,0
BRDA:318,23,0,0
BRDA:318,23,1,0
BRF:34
BRH:8
end_of_record
TN:
SF:src/app/modules/detalle-cliente/componentes/registrar-video/registrar-video.component.ts
FN:27,(anonymous_0)
FN:34,(anonymous_1)
FN:43,(anonymous_2)
FN:50,(anonymous_3)
FN:57,(anonymous_4)
FN:69,(anonymous_5)
FN:72,(anonymous_6)
FN:74,(anonymous_7)
FN:80,(anonymous_8)
FN:89,(anonymous_9)
FN:99,(anonymous_10)
FN:102,(anonymous_11)
FN:109,(anonymous_12)
FN:112,(anonymous_13)
FN:122,(anonymous_14)
FN:125,(anonymous_15)
FNF:16
FNH:14
FNDA:9,(anonymous_0)
FNDA:56,(anonymous_1)
FNDA:56,(anonymous_2)
FNDA:2,(anonymous_3)
FNDA:1,(anonymous_4)
FNDA:2,(anonymous_5)
FNDA:2,(anonymous_6)
FNDA:3,(anonymous_7)
FNDA:1,(anonymous_8)
FNDA:2,(anonymous_9)
FNDA:1,(anonymous_10)
FNDA:1,(anonymous_11)
FNDA:1,(anonymous_12)
FNDA:1,(anonymous_13)
FNDA:0,(anonymous_14)
FNDA:0,(anonymous_15)
DA:17,1
DA:18,9
DA:20,9
DA:28,9
DA:29,9
DA:30,9
DA:31,9
DA:35,56
DA:36,55
DA:40,1
DA:44,56
DA:51,2
DA:52,2
DA:54,2
DA:55,1
DA:58,1
DA:60,1
DA:62,1
DA:63,1
DA:64,1
DA:65,1
DA:70,2
DA:72,2
DA:73,2
DA:74,3
DA:77,2
DA:78,1
DA:81,1
DA:86,2
DA:90,2
DA:91,2
DA:100,1
DA:103,1
DA:107,1
DA:110,1
DA:113,1
DA:117,1
DA:123,0
DA:126,0
DA:127,0
DA:128,0
DA:130,0
DA:131,0
LF:43
LH:37
BRDA:35,0,0,55
BRDA:45,1,0,56
BRDA:45,1,1,55
BRDA:45,1,2,55
BRDA:54,2,0,1
BRDA:54,2,1,1
BRDA:54,3,0,2
BRDA:54,3,1,2
BRDA:77,4,0,1
BRDA:94,5,0,2
BRDA:94,5,1,0
BRDA:95,6,0,2
BRDA:95,6,1,0
BRDA:126,7,0,0
BRF:14
BRH:11
end_of_record
TN:
SF:src/app/modules/detalle-cliente/paginas/carrito-compras/carrito-compras.component.ts
FN:54,(anonymous_0)
FN:63,(anonymous_1)
FN:67,(anonymous_2)
FN:77,(anonymous_3)
FN:79,(anonymous_4)
FN:87,(anonymous_5)
FN:91,(anonymous_6)
FN:95,(anonymous_7)
FN:97,(anonymous_8)
FN:106,(anonymous_9)
FN:114,(anonymous_10)
FN:115,(anonymous_11)
FN:120,(anonymous_12)
FN:123,(anonymous_13)
FN:130,(anonymous_14)
FN:133,(anonymous_15)
FN:141,(anonymous_16)
FN:142,(anonymous_17)
FN:151,(anonymous_18)
FN:156,(anonymous_19)
FN:161,(anonymous_20)
FNF:21
FNH:21
FNDA:14,(anonymous_0)
FNDA:1,(anonymous_1)
FNDA:2,(anonymous_2)
FNDA:2,(anonymous_3)
FNDA:1,(anonymous_4)
FNDA:5,(anonymous_5)
FNDA:1,(anonymous_6)
FNDA:1,(anonymous_7)
FNDA:1,(anonymous_8)
FNDA:1,(anonymous_9)
FNDA:1,(anonymous_10)
FNDA:2,(anonymous_11)
FNDA:2,(anonymous_12)
FNDA:4,(anonymous_13)
FNDA:1,(anonymous_14)
FNDA:1,(anonymous_15)
FNDA:1,(anonymous_16)
FNDA:1,(anonymous_17)
FNDA:3,(anonymous_18)
FNDA:4,(anonymous_19)
FNDA:15,(anonymous_20)
DA:48,1
DA:50,14
DA:55,14
DA:56,14
DA:57,14
DA:58,14
DA:59,14
DA:60,14
DA:64,1
DA:68,2
DA:69,1
DA:70,1
DA:71,1
DA:73,1
DA:78,2
DA:80,1
DA:81,1
DA:88,5
DA:92,1
DA:96,1
DA:97,1
DA:98,1
DA:102,1
DA:103,1
DA:107,1
DA:111,1
DA:115,1
DA:116,2
DA:121,2
DA:123,4
DA:129,2
DA:131,1
DA:134,1
DA:138,1
DA:139,1
DA:142,1
DA:143,1
DA:152,3
DA:153,0
DA:156,3
DA:157,4
DA:162,15
DA:163,4
LF:43
LH:42
BRDA:68,0,0,1
BRDA:68,0,1,1
BRDA:80,1,0,1
BRDA:152,2,0,0
BRDA:157,3,0,4
BRDA:157,3,1,3
BRDA:162,4,0,4
BRF:7
BRH:6
end_of_record
TN:
SF:src/app/modules/detalle-cliente/paginas/catalogo-productos/catalogo-productos.component.ts
FN:57,(anonymous_0)
FN:66,(anonymous_1)
FN:72,(anonymous_2)
FN:74,(anonymous_3)
FN:78,(anonymous_4)
FN:87,(anonymous_5)
FN:88,(anonymous_6)
FN:94,(anonymous_7)
FN:97,(anonymous_8)
FN:101,(anonymous_9)
FN:108,(anonymous_10)
FN:117,(anonymous_11)
FN:122,(anonymous_12)
FN:133,(anonymous_13)
FN:137,(anonymous_14)
FN:142,(anonymous_15)
FNF:16
FNH:14
FNDA:14,(anonymous_0)
FNDA:1,(anonymous_1)
FNDA:1,(anonymous_2)
FNDA:1,(anonymous_3)
FNDA:0,(anonymous_4)
FNDA:2,(anonymous_5)
FNDA:2,(anonymous_6)
FNDA:5,(anonymous_7)
FNDA:2,(anonymous_8)
FNDA:4,(anonymous_9)
FNDA:3,(anonymous_10)
FNDA:1,(anonymous_11)
FNDA:1,(anonymous_12)
FNDA:1,(anonymous_13)
FNDA:1,(anonymous_14)
FNDA:0,(anonymous_15)
DA:46,1
DA:50,14
DA:51,14
DA:58,14
DA:59,14
DA:60,14
DA:61,14
DA:62,14
DA:63,14
DA:67,1
DA:68,1
DA:69,1
DA:73,1
DA:75,1
DA:76,0
DA:77,0
DA:78,0
DA:80,0
DA:81,0
DA:88,2
DA:89,2
DA:90,2
DA:95,5
DA:97,2
DA:102,4
DA:103,2
DA:105,2
DA:109,3
DA:110,2
DA:111,2
DA:113,1
DA:118,1
DA:123,1
DA:125,1
DA:134,1
DA:138,1
DA:139,1
DA:143,0
DA:144,0
LF:39
LH:32
BRDA:75,0,0,0
BRDA:80,1,0,0
BRDA:97,2,0,2
BRDA:97,2,1,2
BRDA:102,3,0,2
BRDA:109,4,0,2
BRDA:109,4,1,1
BRDA:143,5,0,0
BRF:8
BRH:5
end_of_record
TN:
SF:src/app/modules/detalle-cliente/paginas/detalle-cliente/detalle-cliente.component.ts
FN:45,(anonymous_0)
FN:53,(anonymous_1)
FN:57,(anonymous_2)
FN:68,(anonymous_3)
FN:72,(anonymous_4)
FN:78,(anonymous_5)
FN:84,(anonymous_6)
FN:87,(anonymous_7)
FN:92,(anonymous_8)
FN:98,(anonymous_9)
FNF:10
FNH:10
FNDA:10,(anonymous_0)
FNDA:11,(anonymous_1)
FNDA:13,(anonymous_2)
FNDA:1,(anonymous_3)
FNDA:1,(anonymous_4)
FNDA:1,(anonymous_5)
FNDA:13,(anonymous_6)
FNDA:13,(anonymous_7)
FNDA:1,(anonymous_8)
FNDA:1,(anonymous_9)
DA:40,1
DA:46,10
DA:47,10
DA:48,10
DA:49,10
DA:50,10
DA:54,11
DA:58,13
DA:59,12
DA:60,12
DA:61,12
DA:62,12
DA:64,1
DA:69,1
DA:73,1
DA:79,1
DA:85,13
DA:88,13
DA:93,1
DA:99,1
LF:20
LH:20
BRDA:58,0,0,12
BRDA:58,0,1,1
BRF:2
BRH:2
end_of_record
TN:
SF:src/app/modules/detalle-cliente/paginas/detalle-pedido/detalle-pedido.component.ts
FN:29,(anonymous_0)
FN:31,(anonymous_1)
FNF:2
FNH:2
FNDA:2,(anonymous_0)
FNDA:1,(anonymous_1)
DA:28,1
DA:32,1
LF:2
LH:2
BRF:0
BRH:0
end_of_record
TN:
SF:src/app/modules/detalle-cliente/paginas/detalle-producto/detalle-producto.component.ts
FN:47,(anonymous_0)
FN:55,(anonymous_1)
FN:60,(anonymous_2)
FN:69,(anonymous_3)
FN:77,(anonymous_4)
FN:83,(anonymous_5)
FN:87,(anonymous_6)
FN:89,(anonymous_7)
FN:99,(anonymous_8)
FN:106,(anonymous_9)
FN:113,(anonymous_10)
FNF:11
FNH:8
FNDA:10,(anonymous_0)
FNDA:1,(anonymous_1)
FNDA:3,(anonymous_2)
FNDA:3,(anonymous_3)
FNDA:1,(anonymous_4)
FNDA:1,(anonymous_5)
FNDA:0,(anonymous_6)
FNDA:0,(anonymous_7)
FNDA:2,(anonymous_8)
FNDA:0,(anonymous_9)
FNDA:10,(anonymous_10)
DA:41,1
DA:48,10
DA:49,10
DA:50,10
DA:51,10
DA:52,10
DA:56,1
DA:57,1
DA:61,3
DA:62,2
DA:63,2
DA:65,1
DA:70,3
DA:71,2
DA:73,1
DA:78,1
DA:84,1
DA:88,0
DA:90,0
DA:91,0
DA:92,0
DA:93,0
DA:100,2
DA:101,1
DA:102,1
DA:107,0
DA:114,10
DA:115,0
LF:28
LH:21
BRDA:61,0,0,2
BRDA:61,0,1,1
BRDA:70,1,0,2
BRDA:70,1,1,1
BRDA:90,2,0,0
BRDA:92,3,0,0
BRDA:100,4,0,1
BRDA:114,5,0,0
BRF:8
BRH:5
end_of_record
TN:
SF:src/app/modules/detalle-cliente/paginas/detalle-video/detalle-video.component.ts
FN:34,(anonymous_0)
FN:36,(anonymous_1)
FN:40,(anonymous_2)
FN:48,(anonymous_3)
FNF:4
FNH:4
FNDA:4,(anonymous_0)
FNDA:1,(anonymous_1)
FNDA:2,(anonymous_2)
FNDA:2,(anonymous_3)
DA:31,1
DA:32,4
DA:34,4
DA:37,1
DA:41,2
DA:42,1
DA:44,1
DA:49,2
LF:8
LH:8
BRDA:41,0,0,1
BRDA:41,0,1,1
BRF:2
BRH:2
end_of_record
TN:
SF:src/app/modules/detalle-cliente/paginas/detalle-videos/detalle-videos.component.ts
FN:44,(anonymous_0)
FN:50,(anonymous_1)
FN:54,(anonymous_2)
FN:63,(anonymous_3)
FN:64,(anonymous_4)
FN:69,(anonymous_5)
FN:76,(anonymous_6)
FN:80,(anonymous_7)
FNF:8
FNH:8
FNDA:8,(anonymous_0)
FNDA:1,(anonymous_1)
FNDA:2,(anonymous_2)
FNDA:2,(anonymous_3)
FNDA:2,(anonymous_4)
FNDA:1,(anonymous_5)
FNDA:1,(anonymous_6)
FNDA:2,(anonymous_7)
DA:40,1
DA:42,8
DA:45,8
DA:46,8
DA:47,8
DA:51,1
DA:55,2
DA:56,1
DA:57,1
DA:59,1
DA:64,2
DA:65,2
DA:70,1
DA:71,1
DA:77,1
DA:81,2
DA:82,1
LF:17
LH:17
BRDA:55,0,0,1
BRDA:55,0,1,1
BRDA:81,1,0,1
BRF:3
BRH:3
end_of_record
TN:
SF:src/app/modules/detalle-cliente/servicios/carrito-compras.service.ts
FN:28,(anonymous_0)
FN:35,(anonymous_1)
FN:44,(anonymous_2)
FN:50,(anonymous_3)
FN:67,(anonymous_4)
FN:72,(anonymous_5)
FN:77,(anonymous_6)
FN:80,(anonymous_7)
FN:84,(anonymous_8)
FN:89,(anonymous_9)
FN:95,(anonymous_10)
FN:101,(anonymous_11)
FN:109,(anonymous_12)
FN:138,(anonymous_13)
FN:143,(anonymous_14)
FN:156,(anonymous_15)
FN:173,(anonymous_16)
FN:179,(anonymous_17)
FN:188,(anonymous_18)
FN:203,(anonymous_19)
FN:217,(anonymous_20)
FN:233,(anonymous_21)
FN:240,(anonymous_22)
FN:247,(anonymous_23)
FN:248,(anonymous_24)
FN:257,(anonymous_25)
FN:271,(anonymous_26)
FN:282,(anonymous_27)
FN:301,(anonymous_28)
FN:307,(anonymous_29)
FN:309,(anonymous_30)
FNF:31
FNH:31
FNDA:19,(anonymous_0)
FNDA:19,(anonymous_1)
FNDA:19,(anonymous_2)
FNDA:22,(anonymous_3)
FNDA:4,(anonymous_4)
FNDA:1,(anonymous_5)
FNDA:2,(anonymous_6)
FNDA:2,(anonymous_7)
FNDA:1,(anonymous_8)
FNDA:13,(anonymous_9)
FNDA:6,(anonymous_10)
FNDA:27,(anonymous_11)
FNDA:9,(anonymous_12)
FNDA:1,(anonymous_13)
FNDA:1,(anonymous_14)
FNDA:2,(anonymous_15)
FNDA:1,(anonymous_16)
FNDA:2,(anonymous_17)
FNDA:1,(anonymous_18)
FNDA:1,(anonymous_19)
FNDA:55,(anonymous_20)
FNDA:36,(anonymous_21)
FNDA:36,(anonymous_22)
FNDA:32,(anonymous_23)
FNDA:35,(anonymous_24)
FNDA:52,(anonymous_25)
FNDA:20,(anonymous_26)
FNDA:2,(anonymous_27)
FNDA:1,(anonymous_28)
FNDA:2,(anonymous_29)
FNDA:2,(anonymous_30)
DA:11,1
DA:12,19
DA:13,19
DA:16,19
DA:17,19
DA:20,19
DA:23,19
DA:24,19
DA:26,19
DA:29,19
DA:30,19
DA:32,19
DA:37,19
DA:38,19
DA:41,19
DA:44,19
DA:45,19
DA:51,22
DA:54,22
DA:55,20
DA:63,22
DA:68,4
DA:73,1
DA:78,2
DA:80,2
DA:85,1
DA:90,13
DA:91,13
DA:96,6
DA:97,6
DA:102,27
DA:104,27
DA:105,27
DA:108,27
DA:109,9
DA:112,27
DA:115,6
DA:116,6
DA:122,21
DA:124,21
DA:125,21
DA:129,27
DA:132,27
DA:133,27
DA:134,27
DA:139,1
DA:140,1
DA:141,1
DA:143,1
DA:144,1
DA:145,1
DA:149,1
DA:150,1
DA:151,1
DA:158,2
DA:161,2
DA:164,2
DA:167,2
DA:168,2
DA:174,1
DA:176,1
DA:177,1
DA:179,2
DA:180,1
DA:182,1
DA:183,1
DA:184,1
DA:189,1
DA:191,1
DA:192,1
DA:194,1
DA:195,1
DA:197,1
DA:198,1
DA:199,1
DA:204,1
DA:206,1
DA:207,1
DA:208,1
DA:209,1
DA:212,1
DA:213,1
DA:218,55
DA:219,0
DA:220,0
DA:221,0
DA:224,55
DA:225,55
DA:226,0
DA:227,0
DA:228,0
DA:232,55
DA:233,36
DA:236,55
DA:239,55
DA:240,36
DA:243,55
DA:248,32
DA:249,35
DA:250,35
DA:253,32
DA:258,52
DA:261,52
DA:264,52
DA:267,52
DA:272,20
DA:275,20
DA:277,20
DA:279,2
DA:282,2
DA:284,2
DA:285,2
DA:289,2
DA:293,20
DA:294,20
DA:295,2
DA:296,2
DA:303,1
DA:304,1
DA:307,1
DA:309,2
DA:311,2
DA:312,2
DA:314,2
DA:316,2
DA:318,2
DA:320,2
DA:321,2
DA:324,2
DA:325,2
DA:328,2
DA:329,2
DA:334,1
DA:335,1
DA:338,1
LF:135
LH:129
BRDA:54,0,0,20
BRDA:80,1,0,1
BRDA:80,1,1,1
BRDA:91,2,0,12
BRDA:91,2,1,1
BRDA:96,3,0,0
BRDA:102,4,0,0
BRDA:105,5,0,0
BRDA:112,6,0,6
BRDA:112,6,1,21
BRDA:115,7,0,6
BRDA:115,7,1,0
BRDA:122,8,0,21
BRDA:122,8,1,0
BRDA:139,9,0,0
BRDA:141,10,0,0
BRDA:144,11,0,1
BRDA:167,12,0,2
BRDA:174,13,0,0
BRDA:177,14,0,0
BRDA:189,15,0,0
BRDA:192,16,0,0
BRDA:206,17,0,1
BRDA:218,18,0,0
BRDA:225,19,0,0
BRDA:233,20,0,36
BRDA:233,20,1,0
BRDA:250,21,0,35
BRDA:250,21,1,35
BRDA:258,22,0,0
BRDA:272,23,0,0
BRDA:277,24,0,2
BRDA:277,25,0,20
BRDA:277,25,1,2
BRDA:294,26,0,2
BRDA:294,27,0,20
BRDA:294,27,1,2
BRDA:311,28,0,2
BRDA:318,29,0,2
BRDA:328,30,0,2
BRDA:334,31,0,1
BRF:41
BRH:25
end_of_record
TN:
SF:src/app/modules/detalle-cliente/servicios/catalogo.service.ts
FN:17,(anonymous_0)
FN:24,(anonymous_1)
FN:26,(anonymous_2)
FN:27,(anonymous_3)
FN:39,(anonymous_4)
FN:43,(anonymous_5)
FNF:6
FNH:6
FNDA:5,(anonymous_0)
FNDA:3,(anonymous_1)
FNDA:2,(anonymous_2)
FNDA:4,(anonymous_3)
FNDA:2,(anonymous_4)
FNDA:1,(anonymous_5)
DA:12,1
DA:13,5
DA:18,5
DA:19,5
DA:21,5
DA:25,3
DA:27,2
DA:28,4
DA:29,4
DA:40,2
DA:44,1
LF:11
LH:11
BRDA:31,0,0,4
BRDA:31,0,1,1
BRF:2
BRH:2
end_of_record
TN:
SF:src/app/modules/detalle-cliente/servicios/crear-pedido.service.ts
FN:12,(anonymous_0)
FN:14,(anonymous_1)
FNF:2
FNH:2
FNDA:2,(anonymous_0)
FNDA:1,(anonymous_1)
DA:9,1
DA:10,2
DA:12,2
DA:15,1
DA:16,1
LF:5
LH:5
BRF:0
BRH:0
end_of_record
TN:
SF:src/app/modules/detalle-cliente/servicios/detalle-cliente.service.ts
FN:12,(anonymous_0)
FN:14,(anonymous_1)
FNF:2
FNH:2
FNDA:2,(anonymous_0)
FNDA:1,(anonymous_1)
DA:10,1
DA:11,2
DA:12,2
DA:15,1
LF:4
LH:4
BRF:0
BRH:0
end_of_record
TN:
SF:src/app/modules/detalle-cliente/servicios/inventory-socket-service.service.ts
FN:26,(anonymous_0)
FN:31,(anonymous_1)
FN:50,(anonymous_2)
FN:58,(anonymous_3)
FN:62,(anonymous_4)
FN:66,(anonymous_5)
FN:70,(anonymous_6)
FN:75,(anonymous_7)
FNF:8
FNH:8
FNDA:44,(anonymous_0)
FNDA:47,(anonymous_1)
FNDA:1,(anonymous_2)
FNDA:51,(anonymous_3)
FNDA:1,(anonymous_4)
FNDA:1,(anonymous_5)
FNDA:16,(anonymous_6)
FNDA:1,(anonymous_7)
DA:11,1
DA:12,44
DA:13,44
DA:14,44
DA:16,44
DA:19,44
DA:20,44
DA:23,44
DA:24,44
DA:26,44
DA:27,44
DA:32,47
DA:33,47
DA:40,46
DA:42,46
DA:44,1
DA:45,1
DA:51,1
DA:52,1
DA:53,1
DA:59,51
DA:62,50
DA:63,1
DA:66,50
DA:67,1
DA:70,50
DA:71,16
DA:75,50
DA:76,1
DA:77,1
LF:30
LH:30
BRDA:51,0,0,1
BRDA:59,1,0,1
BRF:2
BRH:2
end_of_record
TN:
SF:src/app/modules/detalle-cliente/servicios/video.service.ts
FN:14,(anonymous_0)
FN:16,(anonymous_1)
FN:22,(anonymous_2)
FN:24,(anonymous_3)
FN:36,(anonymous_4)
FN:40,(anonymous_5)
FNF:6
FNH:6
FNDA:4,(anonymous_0)
FNDA:1,(anonymous_1)
FNDA:1,(anonymous_2)
FNDA:1,(anonymous_3)
FNDA:2,(anonymous_4)
FNDA:3,(anonymous_5)
DA:9,1
DA:10,4
DA:12,4
DA:14,4
DA:17,1
DA:23,1
DA:24,1
DA:25,1
DA:27,1
DA:28,1
DA:30,1
DA:37,2
DA:41,3
LF:13
LH:13
BRF:0
BRH:0
end_of_record
TN:
SF:src/app/modules/layout/paginas/layout/layout.component.ts
FN:15,(anonymous_0)
FNF:1
FNH:1
FNDA:1,(anonymous_0)
DA:12,1
DA:13,1
LF:2
LH:2
BRF:0
BRH:0
end_of_record
TN:
SF:src/app/modules/rutas/componentes/detalle-ruta/detalle-ruta.component.ts
FN:74,(anonymous_0)
FN:76,(anonymous_1)
FN:77,(anonymous_2)
FN:83,(anonymous_3)
FN:84,(anonymous_4)
FN:87,(anonymous_5)
FN:98,(anonymous_6)
FN:100,(anonymous_7)
FN:109,(anonymous_8)
FN:113,(anonymous_9)
FN:119,(anonymous_10)
FN:125,(anonymous_11)
FN:131,(anonymous_12)
FN:139,(anonymous_13)
FN:150,(anonymous_14)
FN:197,(anonymous_15)
FN:199,(anonymous_16)
FN:208,(anonymous_17)
FN:212,(anonymous_18)
FN:224,(anonymous_19)
FN:232,(anonymous_20)
FN:249,(anonymous_21)
FN:250,(anonymous_22)
FN:266,(anonymous_23)
FN:290,(anonymous_24)
FN:305,(anonymous_25)
FN:335,(anonymous_26)
FN:354,(anonymous_27)
FN:374,(anonymous_28)
FNF:29
FNH:17
FNDA:12,(anonymous_0)
FNDA:10,(anonymous_1)
FNDA:10,(anonymous_2)
FNDA:0,(anonymous_3)
FNDA:0,(anonymous_4)
FNDA:0,(anonymous_5)
FNDA:0,(anonymous_6)
FNDA:0,(anonymous_7)
FNDA:1,(anonymous_8)
FNDA:1,(anonymous_9)
FNDA:0,(anonymous_10)
FNDA:15,(anonymous_11)
FNDA:0,(anonymous_12)
FNDA:0,(anonymous_13)
FNDA:4,(anonymous_14)
FNDA:0,(anonymous_15)
FNDA:0,(anonymous_16)
FNDA:0,(anonymous_17)
FNDA:0,(anonymous_18)
FNDA:14,(anonymous_19)
FNDA:37,(anonymous_20)
FNDA:36,(anonymous_21)
FNDA:36,(anonymous_22)
FNDA:15,(anonymous_23)
FNDA:14,(anonymous_24)
FNDA:14,(anonymous_25)
FNDA:14,(anonymous_26)
FNDA:14,(anonymous_27)
FNDA:14,(anonymous_28)
DA:36,1
DA:42,12
DA:44,12
DA:45,12
DA:46,12
DA:47,12
DA:48,12
DA:50,12
DA:52,12
DA:54,12
DA:62,12
DA:72,12
DA:77,10
DA:78,10
DA:79,10
DA:84,0
DA:85,0
DA:87,0
DA:88,0
DA:89,0
DA:91,0
DA:94,0
DA:95,0
DA:96,0
DA:97,0
DA:98,0
DA:100,0
DA:101,0
DA:102,0
DA:105,0
DA:110,1
DA:114,1
DA:118,1
DA:119,0
DA:120,0
DA:126,15
DA:129,2
DA:131,0
DA:132,0
DA:133,0
DA:135,0
DA:139,2
DA:140,2
DA:141,2
DA:144,2
DA:147,2
DA:150,2
DA:152,4
DA:153,4
DA:155,4
DA:156,0
DA:157,0
DA:161,4
DA:164,4
DA:176,4
DA:189,4
DA:197,4
DA:199,0
DA:201,0
DA:208,4
DA:210,0
DA:211,0
DA:212,0
DA:213,0
DA:219,4
DA:220,4
DA:225,14
DA:226,1
DA:227,1
DA:230,13
DA:232,13
DA:233,37
DA:234,37
DA:236,37
DA:237,1
DA:238,1
DA:240,36
DA:243,13
DA:244,1
DA:245,1
DA:249,36
DA:250,36
DA:251,12
DA:257,12
DA:260,12
DA:262,0
DA:267,15
DA:268,1
DA:270,1
DA:271,1
DA:273,1
DA:276,14
DA:279,14
DA:284,14
DA:290,14
DA:296,14
DA:305,14
DA:306,14
DA:307,14
DA:310,14
DA:311,14
DA:315,14
DA:318,14
DA:319,14
DA:320,14
DA:321,14
DA:324,0
DA:326,0
DA:329,0
DA:337,14
DA:339,14
DA:340,0
DA:343,14
DA:346,14
DA:347,14
DA:354,14
DA:356,14
DA:357,0
DA:366,14
DA:367,14
DA:375,14
DA:377,14
DA:378,14
DA:381,14
DA:382,42
DA:383,42
DA:385,42
DA:386,42
DA:391,14
DA:392,14
DA:395,14
DA:396,14
DA:399,14
DA:400,14
DA:403,14
DA:405,14
DA:406,14
DA:407,14
DA:408,13
DA:409,13
DA:410,1
DA:411,1
DA:412,1
DA:413,1
DA:414,1
DA:416,0
DA:418,0
LF:147
LH:110
BRDA:85,0,0,0
BRDA:85,1,0,0
BRDA:85,1,1,0
BRDA:118,2,0,0
BRDA:126,3,0,13
BRDA:129,4,0,0
BRDA:144,5,0,2
BRDA:144,5,1,0
BRDA:155,6,0,0
BRDA:155,7,0,4
BRDA:155,7,1,4
BRDA:167,8,0,4
BRDA:167,8,1,0
BRDA:178,9,0,4
BRDA:178,9,1,0
BRDA:179,10,0,4
BRDA:179,10,1,0
BRDA:180,11,0,4
BRDA:180,11,1,0
BRDA:211,12,0,0
BRDA:225,13,0,1
BRDA:225,14,0,14
BRDA:225,14,1,14
BRDA:236,15,0,1
BRDA:236,16,0,37
BRDA:236,16,1,36
BRDA:243,17,0,1
BRDA:267,18,0,1
BRDA:270,19,0,1
BRDA:306,20,0,14
BRDA:306,20,1,0
BRDA:310,21,0,14
BRDA:318,22,0,14
BRDA:339,23,0,0
BRDA:339,24,0,14
BRDA:339,24,1,14
BRDA:356,25,0,0
BRDA:375,26,0,0
BRDA:375,27,0,14
BRDA:375,27,1,14
BRDA:375,27,2,14
BRDA:385,28,0,42
BRDA:385,29,0,42
BRDA:385,29,1,42
BRDA:405,30,0,0
BRDA:405,30,1,14
BRDA:406,31,0,0
BRDA:406,31,1,14
BRDA:407,32,0,1
BRDA:407,32,1,13
BRDA:408,33,0,0
BRDA:408,33,1,13
BRDA:409,34,0,12
BRDA:409,34,1,1
BRDA:410,35,0,0
BRDA:410,35,1,1
BRDA:411,36,0,0
BRDA:411,36,1,1
BRDA:412,37,0,0
BRDA:412,37,1,1
BRDA:413,38,0,0
BRDA:413,38,1,1
BRF:62
BRH:39
end_of_record
TN:
SF:src/app/modules/rutas/servicios/rutas.service.ts
FN:16,(anonymous_0)
FN:23,(anonymous_1)
FN:26,(anonymous_2)
FN:29,(anonymous_3)
FNF:4
FNH:4
FNDA:4,(anonymous_0)
FNDA:2,(anonymous_1)
FNDA:2,(anonymous_2)
FNDA:1,(anonymous_3)
DA:12,1
DA:13,4
DA:17,4
DA:18,4
DA:20,4
DA:24,2
DA:25,2
DA:27,2
DA:29,2
DA:30,1
DA:39,1
DA:41,2
LF:12
LH:12
BRDA:24,0,0,2
BRDA:24,0,1,0
BRDA:37,1,0,1
BRDA:37,1,1,0
BRF:4
BRH:2
end_of_record
TN:
SF:src/app/modules/visitas/componentes/crear-visita/crear-visita.component.ts
FN:29,(anonymous_0)
FN:46,(anonymous_1)
FN:51,(anonymous_2)
FN:55,(anonymous_3)
FN:60,(anonymous_4)
FN:36,(anonymous_5)
FN:40,(anonymous_6)
FN:41,(anonymous_7)
FN:62,(anonymous_8)
FN:71,(anonymous_9)
FN:78,(anonymous_10)
FN:83,(anonymous_11)
FN:95,(anonymous_12)
FN:98,(anonymous_13)
FN:100,(anonymous_14)
FN:106,(anonymous_15)
FN:115,(anonymous_16)
FN:120,(anonymous_17)
FN:121,(anonymous_18)
FN:128,(anonymous_19)
FN:129,(anonymous_20)
FNF:21
FNH:21
FNDA:21,(anonymous_0)
FNDA:4,(anonymous_1)
FNDA:4,(anonymous_2)
FNDA:6,(anonymous_3)
FNDA:4,(anonymous_4)
FNDA:22,(anonymous_5)
FNDA:22,(anonymous_6)
FNDA:22,(anonymous_7)
FNDA:8,(anonymous_8)
FNDA:2,(anonymous_9)
FNDA:2,(anonymous_10)
FNDA:1,(anonymous_11)
FNDA:8,(anonymous_12)
FNDA:8,(anonymous_13)
FNDA:28,(anonymous_14)
FNDA:1,(anonymous_15)
FNDA:2,(anonymous_16)
FNDA:1,(anonymous_17)
FNDA:1,(anonymous_18)
FNDA:1,(anonymous_19)
FNDA:1,(anonymous_20)
DA:17,1
DA:18,21
DA:20,21
DA:27,21
DA:30,21
DA:31,21
DA:32,21
DA:33,21
DA:37,22
DA:41,22
DA:42,22
DA:46,21
DA:49,4
DA:52,4
DA:55,6
DA:60,21
DA:63,8
DA:64,4
DA:68,4
DA:72,2
DA:79,2
DA:80,2
DA:81,1
DA:84,1
DA:86,1
DA:88,1
DA:89,1
DA:90,1
DA:91,1
DA:96,8
DA:98,8
DA:99,8
DA:100,28
DA:103,8
DA:104,1
DA:107,1
DA:112,8
DA:116,2
DA:117,2
DA:121,1
DA:122,1
DA:126,1
DA:129,1
DA:130,1
DA:134,1
LF:45
LH:45
BRDA:52,0,0,1
BRDA:52,0,1,3
BRDA:63,1,0,4
BRDA:73,2,0,2
BRDA:73,2,1,1
BRDA:73,2,2,1
BRDA:80,3,0,1
BRDA:80,3,1,1
BRDA:80,4,0,2
BRDA:80,4,1,2
BRDA:103,5,0,1
BRDA:118,6,0,2
BRDA:118,6,1,0
BRF:13
BRH:12
end_of_record
TN:
SF:src/app/modules/visitas/paginas/visitas/visitas.component.ts
FN:33,(anonymous_0)
FN:35,(anonymous_1)
FN:37,(anonymous_2)
FNF:3
FNH:2
FNDA:2,(anonymous_0)
FNDA:0,(anonymous_1)
FNDA:1,(anonymous_2)
DA:32,1
DA:38,1
DA:39,1
LF:3
LH:3
BRDA:38,0,0,1
BRF:1
BRH:1
end_of_record
TN:
SF:src/app/modules/visitas/servicios/visitas.service.ts
FN:12,(anonymous_0)
FN:14,(anonymous_1)
FN:16,(anonymous_2)
FNF:3
FNH:3
FNDA:3,(anonymous_0)
FNDA:2,(anonymous_1)
FNDA:2,(anonymous_2)
DA:9,1
DA:10,3
DA:12,3
DA:15,2
DA:16,2
DA:17,2
DA:19,2
DA:21,2
LF:8
LH:8
BRF:0
BRH:0
end_of_record
TN:
SF:src/app/shared/componentes/visor-imagenes-dialog/visor-imagenes-dialog.component.ts
FNF:0
FNH:0
DA:13,1
LF:1
LH:1
BRF:0
BRH:0
end_of_record
TN:
SF:src/app/shared/directivas/only-numbers.directive.ts
FN:8,(anonymous_0)
FN:10,(anonymous_1)
FNF:2
FNH:2
FNDA:4,(anonymous_0)
FNDA:2,(anonymous_1)
DA:7,1
DA:8,4
DA:11,2
DA:12,2
DA:13,2
DA:14,1
LF:6
LH:6
BRDA:13,0,0,1
BRF:1
BRH:1
end_of_record
TN:
SF:src/app/shared/guards/validate-token.guard.ts
FN:8,(anonymous_0)
FN:14,(anonymous_1)
FN:15,(anonymous_2)
FNF:3
FNH:3
FNDA:2,(anonymous_0)
FNDA:1,(anonymous_1)
FNDA:1,(anonymous_2)
DA:8,1
DA:9,2
DA:10,2
DA:11,2
DA:13,2
DA:14,1
DA:16,1
DA:17,1
LF:8
LH:8
BRF:0
BRH:0
end_of_record
TN:
SF:src/app/shared/interceptores/http-headers.interceptor.ts
FN:5,(anonymous_0)
FNF:1
FNH:1
FNDA:3,(anonymous_0)
DA:5,1
DA:6,3
DA:7,1
DA:8,1
DA:10,1
DA:16,3
LF:6
LH:6
BRDA:6,0,0,1
BRDA:6,1,0,3
BRDA:6,1,1,2
BRF:3
BRH:3
end_of_record
TN:
SF:src/app/shared/interceptores/http-spinner.interceptor.ts
FN:6,(anonymous_0)
FN:12,(anonymous_1)
FNF:2
FNH:2
FNDA:2,(anonymous_0)
FNDA:2,(anonymous_1)
DA:6,1
DA:7,2
DA:9,2
DA:11,2
DA:13,2
LF:5
LH:5
BRF:0
BRH:0
end_of_record
TN:
SF:src/app/shared/otros/date-validators.ts
FN:4,noMenorAFechaActual
FN:5,(anonymous_1)
FN:32,fechaFinMayorAInicio
FN:33,(anonymous_3)
FNF:4
FNH:4
FNDA:12,noMenorAFechaActual
FNDA:24,(anonymous_1)
FNDA:10,fechaFinMayorAInicio
FNDA:30,(anonymous_3)
DA:5,12
DA:7,24
DA:8,13
DA:11,11
DA:14,11
DA:15,11
DA:16,11
DA:17,11
DA:20,11
DA:23,11
DA:24,4
DA:27,7
DA:33,10
DA:34,30
DA:35,0
DA:38,30
DA:39,30
DA:40,30
DA:43,30
DA:44,23
DA:49,7
DA:51,3
DA:52,3
DA:53,3
DA:54,3
DA:56,3
DA:59,4
DA:60,4
DA:61,0
DA:62,0
DA:66,4
LF:31
LH:28
BRDA:7,0,0,13
BRDA:7,1,0,24
BRDA:7,1,1,11
BRDA:23,2,0,4
BRDA:34,3,0,0
BRDA:43,4,0,23
BRDA:43,5,0,30
BRDA:43,5,1,16
BRDA:43,5,2,7
BRDA:43,5,3,7
BRDA:49,6,0,3
BRDA:49,6,1,4
BRDA:52,7,0,3
BRDA:53,8,0,3
BRDA:53,8,1,2
BRDA:60,9,0,0
BRDA:60,10,0,4
BRDA:60,10,1,4
BRDA:62,11,0,0
BRDA:62,11,1,0
BRF:20
BRH:16
end_of_record
TN:
SF:src/app/shared/otros/shared-imports.ts
FNF:0
FNH:0
DA:7,1
LF:1
LH:1
BRF:0
BRH:0
end_of_record
TN:
SF:src/app/shared/pipes/highlight-text.pipe.ts
FN:10,(anonymous_0)
FN:12,(anonymous_1)
FNF:2
FNH:2
FNDA:5,(anonymous_0)
FNDA:4,(anonymous_1)
DA:9,1
DA:10,5
DA:13,4
DA:14,4
DA:15,2
DA:19,2
DA:22,2
DA:27,2
DA:28,2
LF:9
LH:9
BRDA:12,0,0,1
BRDA:13,1,0,3
BRDA:13,1,1,1
BRDA:14,2,0,2
BRDA:14,3,0,4
BRDA:14,3,1,2
BRF:6
BRH:6
end_of_record
TN:
SF:src/app/shared/pipes/local-currency.pipe.ts
FN:11,(anonymous_0)
FN:13,(anonymous_1)
FNF:2
FNH:2
FNDA:8,(anonymous_0)
FNDA:1,(anonymous_1)
DA:10,1
DA:11,8
DA:19,1
DA:20,1
DA:22,1
DA:23,1
LF:6
LH:6
BRDA:20,0,0,1
BRDA:20,0,1,1
BRF:2
BRH:2
end_of_record
TN:
SF:src/app/shared/pipes/local-date.pipe.ts
FN:13,(anonymous_0)
FN:15,(anonymous_1)
FN:21,(anonymous_2)
FNF:3
FNH:3
FNDA:13,(anonymous_0)
FNDA:21,(anonymous_1)
FNDA:9,(anonymous_2)
DA:10,1
DA:11,13
DA:13,13
DA:15,13
DA:17,21
DA:22,9
DA:23,9
DA:25,9
DA:26,7
DA:28,3
DA:30,1
DA:33,2
DA:34,2
DA:37,2
DA:39,1
DA:42,1
DA:45,2
DA:47,1
DA:50,1
DA:55,2
LF:20
LH:20
BRDA:21,0,0,5
BRDA:25,1,0,7
BRDA:26,2,0,3
BRDA:26,2,1,2
BRDA:26,2,2,2
BRDA:28,3,0,1
BRDA:28,3,1,2
BRDA:34,4,0,2
BRDA:34,4,1,0
BRDA:37,5,0,1
BRDA:37,5,1,1
BRDA:45,6,0,1
BRDA:45,6,1,1
BRF:13
BRH:12
end_of_record
TN:
SF:src/app/shared/services/dinamic-search.service.ts
FN:7,(anonymous_0)
FN:15,(anonymous_1)
FN:18,(anonymous_2)
FN:30,(anonymous_3)
FNF:4
FNH:4
FNDA:4,(anonymous_0)
FNDA:6,(anonymous_1)
FNDA:3,(anonymous_2)
FNDA:3,(anonymous_3)
DA:6,1
DA:9,4
DA:10,1
DA:13,3
DA:15,3
DA:16,6
DA:18,3
DA:20,3
DA:21,0
DA:25,3
DA:26,3
DA:30,3
DA:32,3
DA:33,0
DA:37,3
DA:38,3
LF:16
LH:14
BRDA:9,0,0,1
BRDA:9,1,0,4
BRDA:9,1,1,3
BRDA:16,2,0,3
BRDA:16,2,1,3
BRDA:16,3,0,6
BRDA:16,3,1,3
BRDA:20,4,0,0
BRDA:20,5,0,3
BRDA:20,5,1,3
BRDA:32,6,0,0
BRDA:32,7,0,3
BRDA:32,7,1,3
BRF:13
BRH:11
end_of_record
TN:
SF:src/app/shared/services/localization.service.ts
FN:56,(anonymous_0)
FN:43,(anonymous_1)
FN:49,(anonymous_2)
FN:53,(anonymous_3)
FN:69,(anonymous_4)
FN:75,(anonymous_5)
FN:88,(anonymous_6)
FN:95,(anonymous_7)
FN:102,(anonymous_8)
FN:109,(anonymous_9)
FN:117,(anonymous_10)
FN:128,(anonymous_11)
FN:130,(anonymous_12)
FN:141,(anonymous_13)
FN:146,(anonymous_14)
FN:156,(anonymous_15)
FN:160,(anonymous_16)
FN:164,(anonymous_17)
FN:168,(anonymous_18)
FN:173,(anonymous_19)
FN:177,(anonymous_20)
FNF:21
FNH:17
FNDA:15,(anonymous_0)
FNDA:45,(anonymous_1)
FNDA:3,(anonymous_2)
FNDA:1,(anonymous_3)
FNDA:15,(anonymous_4)
FNDA:0,(anonymous_5)
FNDA:45,(anonymous_6)
FNDA:0,(anonymous_7)
FNDA:0,(anonymous_8)
FNDA:0,(anonymous_9)
FNDA:31,(anonymous_10)
FNDA:16,(anonymous_11)
FNDA:26,(anonymous_12)
FNDA:2,(anonymous_13)
FNDA:5,(anonymous_14)
FNDA:10,(anonymous_15)
FNDA:6,(anonymous_16)
FNDA:23,(anonymous_17)
FNDA:4,(anonymous_18)
FNDA:6,(anonymous_19)
FNDA:1,(anonymous_20)
DA:15,1
DA:17,15
DA:42,15
DA:43,45
DA:45,15
DA:48,15
DA:49,3
DA:52,15
DA:53,1
DA:57,15
DA:58,15
DA:61,15
DA:62,15
DA:63,15
DA:66,15
DA:71,15
DA:73,15
DA:75,0
DA:76,0
DA:77,0
DA:78,0
DA:83,15
DA:85,15
DA:88,45
DA:90,15
DA:92,0
DA:95,0
DA:98,15
DA:99,15
DA:102,0
DA:103,0
DA:104,0
DA:108,0
DA:109,0
DA:110,0
DA:111,0
DA:119,31
DA:122,31
DA:125,31
DA:130,26
DA:132,16
DA:133,1
DA:134,1
DA:137,15
DA:142,2
DA:145,2
DA:146,5
DA:149,2
DA:150,1
DA:152,1
DA:157,10
DA:161,6
DA:165,23
DA:169,4
DA:170,4
DA:174,6
DA:178,1
LF:57
LH:44
BRDA:43,0,0,15
BRDA:43,0,1,0
BRDA:49,1,0,3
BRDA:49,1,1,0
BRDA:53,2,0,1
BRDA:53,2,1,0
BRDA:73,3,0,0
BRDA:76,4,0,0
BRDA:90,5,0,0
BRDA:98,6,0,15
BRDA:98,6,1,0
BRDA:103,7,0,0
BRDA:110,8,0,0
BRDA:132,9,0,1
BRDA:146,10,0,5
BRDA:146,10,1,4
BRDA:149,11,0,1
BRDA:149,11,1,1
BRDA:157,12,0,10
BRDA:157,12,1,0
BRDA:161,13,0,6
BRDA:161,13,1,0
BRDA:174,14,0,6
BRDA:174,14,1,0
BRF:24
BRH:12
end_of_record
TN:
SF:src/app/shared/services/spinner.service.ts
FN:8,(anonymous_0)
FN:10,(anonymous_1)
FN:14,(anonymous_2)
FNF:3
FNH:3
FNDA:3,(anonymous_0)
FNDA:1,(anonymous_1)
FNDA:1,(anonymous_2)
DA:7,1
DA:8,3
DA:11,1
DA:15,1
LF:4
LH:4
BRF:0
BRH:0
end_of_record
TN:
SF:src/environments/environment.ts
FNF:0
FNH:0
DA:5,1
LF:1
LH:1
BRF:0
BRH:0
end_of_record
