TN:
SF:src/app/app.component.ts
FN:14,(anonymous_0)
FNF:1
FNH:1
FNDA:1,(anonymous_0)
DA:13,1
DA:14,1
DA:15,1
LF:3
LH:3
BRF:0
BRH:0
end_of_record
TN:
SF:src/app/modules/auth/paginas/login/login.component.ts
FN:23,(anonymous_0)
FN:29,(anonymous_1)
FN:34,(anonymous_2)
FN:41,(anonymous_3)
FN:57,(anonymous_4)
FN:61,(anonymous_5)
FN:62,(anonymous_6)
FNF:7
FNH:7
FNDA:6,(anonymous_0)
FNDA:2,(anonymous_1)
FNDA:24,(anonymous_2)
FNDA:27,(anonymous_3)
FNDA:2,(anonymous_4)
FNDA:1,(anonymous_5)
FNDA:1,(anonymous_6)
DA:15,1
DA:16,6
DA:21,6
DA:24,6
DA:25,6
DA:26,6
DA:30,2
DA:31,2
DA:35,24
DA:42,27
DA:43,24
DA:46,3
DA:47,1
DA:50,2
DA:51,1
DA:54,1
DA:58,2
DA:59,2
DA:60,2
DA:62,1
DA:63,1
DA:71,2
LF:22
LH:22
BRDA:31,0,0,1
BRDA:31,0,1,1
BRDA:36,1,0,24
BRDA:36,1,1,24
BRDA:36,1,2,24
BRDA:42,2,0,24
BRDA:46,3,0,1
BRDA:46,4,0,3
BRDA:46,4,1,2
BRDA:50,5,0,1
BRDA:50,6,0,2
BRDA:50,6,1,1
BRDA:59,7,0,2
BRDA:59,8,0,2
BRDA:59,8,1,2
BRF:15
BRH:15
end_of_record
TN:
SF:src/app/modules/auth/servicios/login.service.ts
FN:15,(anonymous_0)
FN:21,(anonymous_1)
FN:23,(anonymous_2)
FN:32,(anonymous_3)
FNF:4
FNH:4
FNDA:5,(anonymous_0)
FNDA:1,(anonymous_1)
FNDA:1,(anonymous_2)
FNDA:1,(anonymous_3)
DA:12,1
DA:13,5
DA:16,5
DA:17,5
DA:18,5
DA:22,1
DA:24,1
DA:25,1
DA:26,1
DA:27,1
DA:33,1
DA:34,1
DA:35,1
LF:13
LH:13
BRF:0
BRH:0
end_of_record
TN:
SF:src/app/modules/auth/servicios/usuario.service.ts
FN:10,(anonymous_0)
FN:14,(anonymous_1)
FN:18,(anonymous_2)
FNF:3
FNH:3
FNDA:2,(anonymous_0)
FNDA:4,(anonymous_1)
FNDA:3,(anonymous_2)
DA:7,1
DA:11,2
DA:15,4
DA:19,3
DA:20,3
DA:21,1
DA:23,2
LF:7
LH:7
BRDA:20,0,0,1
BRDA:23,1,0,2
BRDA:23,1,1,1
BRF:3
BRH:3
end_of_record
TN:
SF:src/app/modules/bodegas/componentes/agregar-bodega/agregar-bodega.component.ts
FN:53,(anonymous_0)
FN:59,(anonymous_1)
FN:63,(anonymous_2)
FN:64,(anonymous_3)
FN:69,(anonymous_4)
FN:70,(anonymous_5)
FN:104,(anonymous_6)
FN:111,(anonymous_7)
FN:115,(anonymous_8)
FN:125,(anonymous_9)
FN:127,(anonymous_10)
FN:136,(anonymous_11)
FN:141,(anonymous_12)
FN:153,(anonymous_13)
FN:159,(anonymous_14)
FN:162,(anonymous_15)
FN:166,(anonymous_16)
FN:170,(anonymous_17)
FN:175,(anonymous_18)
FN:180,(anonymous_19)
FNF:20
FNH:17
FNDA:10,(anonymous_0)
FNDA:10,(anonymous_1)
FNDA:10,(anonymous_2)
FNDA:10,(anonymous_3)
FNDA:17,(anonymous_4)
FNDA:124,(anonymous_5)
FNDA:100,(anonymous_6)
FNDA:2,(anonymous_7)
FNDA:0,(anonymous_8)
FNDA:1,(anonymous_9)
FNDA:1,(anonymous_10)
FNDA:1,(anonymous_11)
FNDA:1,(anonymous_12)
FNDA:11,(anonymous_13)
FNDA:1,(anonymous_14)
FNDA:3,(anonymous_15)
FNDA:0,(anonymous_16)
FNDA:0,(anonymous_17)
FNDA:2,(anonymous_18)
FNDA:2,(anonymous_19)
DA:27,1
DA:28,10
DA:30,10
DA:51,10
DA:52,10
DA:54,10
DA:55,10
DA:56,10
DA:60,10
DA:64,10
DA:65,10
DA:69,17
DA:71,124
DA:72,121
DA:77,3
DA:78,1
DA:86,2
DA:87,1
DA:95,1
DA:96,0
DA:101,1
DA:105,100
DA:112,2
DA:113,2
DA:114,2
DA:115,2
DA:116,2
DA:124,2
DA:126,1
DA:127,1
DA:128,1
DA:134,1
DA:137,1
DA:138,1
DA:139,0
DA:141,1
DA:142,1
DA:148,1
DA:153,10
DA:156,11
DA:160,1
DA:162,3
DA:167,0
DA:168,0
DA:169,0
DA:170,0
DA:171,0
DA:176,2
DA:178,2
DA:179,2
DA:180,2
DA:182,2
DA:183,1
DA:184,1
DA:185,1
DA:187,1
DA:189,2
DA:190,2
LF:58
LH:51
BRDA:71,0,0,121
BRDA:77,1,0,1
BRDA:86,2,0,1
BRDA:95,3,0,0
BRDA:106,4,0,100
BRDA:106,4,1,100
BRDA:106,4,2,100
BRDA:138,5,0,0
BRDA:160,6,0,0
BRDA:160,6,1,1
BRDA:178,7,0,2
BRDA:182,8,0,1
BRDA:182,8,1,1
BRF:13
BRH:10
end_of_record
TN:
SF:src/app/modules/bodegas/componentes/agregar-producto/agregar-producto.component.ts
FNF:0
FNH:0
DA:9,1
LF:1
LH:1
BRF:0
BRH:0
end_of_record
TN:
SF:src/app/modules/bodegas/componentes/productos-bodega/productos-bodega.component.ts
FN:28,(anonymous_0)
FN:36,(anonymous_1)
FN:40,(anonymous_2)
FN:41,(anonymous_3)
FN:47,(anonymous_4)
FN:50,(anonymous_5)
FN:54,(anonymous_6)
FN:61,(anonymous_7)
FN:69,(anonymous_8)
FN:70,(anonymous_9)
FN:79,(anonymous_10)
FN:89,(anonymous_11)
FN:99,(anonymous_12)
FN:106,(anonymous_13)
FN:117,(anonymous_14)
FN:120,(anonymous_15)
FNF:16
FNH:16
FNDA:8,(anonymous_0)
FNDA:16,(anonymous_1)
FNDA:16,(anonymous_2)
FNDA:16,(anonymous_3)
FNDA:16,(anonymous_4)
FNDA:9,(anonymous_5)
FNDA:9,(anonymous_6)
FNDA:1,(anonymous_7)
FNDA:1,(anonymous_8)
FNDA:1,(anonymous_9)
FNDA:4,(anonymous_10)
FNDA:1,(anonymous_11)
FNDA:1,(anonymous_12)
FNDA:1,(anonymous_13)
FNDA:1,(anonymous_14)
FNDA:1,(anonymous_15)
DA:22,1
DA:24,8
DA:25,8
DA:29,8
DA:30,8
DA:31,8
DA:32,8
DA:33,8
DA:37,16
DA:41,16
DA:42,16
DA:43,16
DA:48,16
DA:50,9
DA:55,9
DA:56,1
DA:58,8
DA:62,1
DA:70,1
DA:71,1
DA:80,4
DA:81,4
DA:82,4
DA:83,4
DA:84,3
DA:85,3
DA:86,3
DA:87,1
DA:90,1
DA:96,1
DA:98,2
DA:100,1
DA:107,1
DA:108,1
DA:115,1
DA:118,1
DA:121,1
DA:130,3
LF:38
LH:38
BRDA:50,0,0,9
BRDA:50,0,1,8
BRDA:55,1,0,1
BRDA:83,2,0,3
BRDA:83,3,0,4
BRDA:83,3,1,4
BRDA:86,4,0,1
BRF:7
BRH:7
end_of_record
TN:
SF:src/app/modules/bodegas/paginas/bodegas/bodegas.component.ts
FN:26,(anonymous_0)
FN:32,(anonymous_1)
FN:36,(anonymous_2)
FN:37,(anonymous_3)
FN:43,(anonymous_4)
FN:46,(anonymous_5)
FN:50,(anonymous_6)
FN:57,(anonymous_7)
FN:62,(anonymous_8)
FN:67,(anonymous_9)
FNF:10
FNH:10
FNDA:8,(anonymous_0)
FNDA:8,(anonymous_1)
FNDA:10,(anonymous_2)
FNDA:10,(anonymous_3)
FNDA:10,(anonymous_4)
FNDA:9,(anonymous_5)
FNDA:10,(anonymous_6)
FNDA:2,(anonymous_7)
FNDA:2,(anonymous_8)
FNDA:4,(anonymous_9)
DA:19,1
DA:20,8
DA:21,8
DA:23,8
DA:27,8
DA:28,8
DA:29,8
DA:33,8
DA:37,10
DA:38,10
DA:39,10
DA:44,10
DA:46,9
DA:51,10
DA:52,1
DA:54,9
DA:58,2
DA:62,2
DA:63,2
DA:68,4
DA:69,1
DA:71,3
LF:22
LH:22
BRDA:46,0,0,9
BRDA:46,0,1,8
BRDA:51,1,0,1
BRDA:68,2,0,1
BRDA:68,2,1,3
BRDA:68,3,0,4
BRDA:68,3,1,2
BRF:7
BRH:7
end_of_record
TN:
SF:src/app/modules/bodegas/servicios/bodegas.service.ts
FN:21,(anonymous_0)
FN:23,(anonymous_1)
FN:27,(anonymous_2)
FN:34,(anonymous_3)
FN:36,(anonymous_4)
FN:43,(anonymous_5)
FN:49,(anonymous_6)
FN:57,(anonymous_7)
FN:63,(anonymous_8)
FN:65,(anonymous_9)
FN:78,(anonymous_10)
FN:86,(anonymous_11)
FN:90,(anonymous_12)
FN:97,(anonymous_13)
FNF:14
FNH:11
FNDA:8,(anonymous_0)
FNDA:1,(anonymous_1)
FNDA:1,(anonymous_2)
FNDA:1,(anonymous_3)
FNDA:2,(anonymous_4)
FNDA:1,(anonymous_5)
FNDA:1,(anonymous_6)
FNDA:4,(anonymous_7)
FNDA:7,(anonymous_8)
FNDA:11,(anonymous_9)
FNDA:2,(anonymous_10)
FNDA:0,(anonymous_11)
FNDA:0,(anonymous_12)
FNDA:0,(anonymous_13)
DA:17,1
DA:18,8
DA:19,8
DA:21,8
DA:24,1
DA:28,1
DA:35,1
DA:36,2
DA:37,1
DA:44,1
DA:50,1
DA:61,4
DA:63,4
DA:64,7
DA:65,11
DA:67,7
DA:68,6
DA:75,4
DA:79,2
DA:80,2
DA:81,2
DA:83,2
DA:87,0
DA:91,0
DA:94,0
DA:98,0
DA:101,0
LF:27
LH:22
BRDA:67,0,0,6
BRDA:81,1,0,2
BRDA:81,1,1,0
BRF:3
BRH:2
end_of_record
TN:
SF:src/app/modules/fabricantes/componentes/agregar-producto-fabricante/agregar-producto-fabricante.component.ts
FN:27,(anonymous_0)
FN:29,(anonymous_1)
FN:53,(anonymous_2)
FN:60,(anonymous_3)
FN:64,(anonymous_4)
FN:74,(anonymous_5)
FNF:6
FNH:6
FNDA:12,(anonymous_0)
FNDA:100,(anonymous_1)
FNDA:98,(anonymous_2)
FNDA:1,(anonymous_3)
FNDA:2,(anonymous_4)
FNDA:1,(anonymous_5)
DA:15,1
DA:16,12
DA:17,12
DA:19,12
DA:27,12
DA:30,100
DA:31,97
DA:36,3
DA:37,1
DA:43,2
DA:44,1
DA:50,1
DA:54,98
DA:61,1
DA:65,2
DA:66,2
DA:67,2
DA:68,1
DA:69,1
DA:70,1
DA:72,1
DA:75,1
DA:77,1
DA:79,1
DA:80,1
DA:81,1
DA:82,1
LF:27
LH:27
BRDA:30,0,0,97
BRDA:36,1,0,1
BRDA:43,2,0,1
BRDA:55,3,0,98
BRDA:55,3,1,97
BRDA:55,3,2,97
BRDA:67,4,0,1
BRDA:67,4,1,1
BRF:8
BRH:8
end_of_record
TN:
SF:src/app/modules/fabricantes/componentes/crear-fabricante/crear-fabricante.component.ts
FN:44,(anonymous_0)
FN:50,(anonymous_1)
FN:84,(anonymous_2)
FN:91,(anonymous_3)
FN:103,(anonymous_4)
FN:107,(anonymous_5)
FN:116,(anonymous_6)
FN:119,(anonymous_7)
FNF:8
FNH:8
FNDA:11,(anonymous_0)
FNDA:159,(anonymous_1)
FNDA:134,(anonymous_2)
FNDA:2,(anonymous_3)
FNDA:1,(anonymous_4)
FNDA:1,(anonymous_5)
FNDA:1,(anonymous_6)
FNDA:1,(anonymous_7)
DA:17,1
DA:18,11
DA:20,11
DA:45,11
DA:46,11
DA:47,11
DA:51,159
DA:52,155
DA:57,4
DA:58,1
DA:66,3
DA:67,1
DA:75,2
DA:76,1
DA:81,1
DA:85,134
DA:92,2
DA:93,2
DA:102,2
DA:104,1
DA:105,1
DA:108,1
DA:114,1
DA:117,1
DA:120,1
DA:126,1
LF:26
LH:26
BRDA:51,0,0,155
BRDA:57,1,0,1
BRDA:66,2,0,1
BRDA:75,3,0,1
BRDA:86,4,0,134
BRDA:86,4,1,133
BRDA:86,4,2,133
BRF:7
BRH:7
end_of_record
TN:
SF:src/app/modules/fabricantes/componentes/productos-fabricante/productos-fabricante.component.ts
FN:28,(anonymous_0)
FN:36,(anonymous_1)
FN:40,(anonymous_2)
FN:41,(anonymous_3)
FN:47,(anonymous_4)
FN:50,(anonymous_5)
FN:54,(anonymous_6)
FN:61,(anonymous_7)
FN:69,(anonymous_8)
FN:78,(anonymous_9)
FN:81,(anonymous_10)
FN:92,(anonymous_11)
FN:99,(anonymous_12)
FN:110,(anonymous_13)
FN:113,(anonymous_14)
FNF:15
FNH:15
FNDA:7,(anonymous_0)
FNDA:14,(anonymous_1)
FNDA:14,(anonymous_2)
FNDA:14,(anonymous_3)
FNDA:14,(anonymous_4)
FNDA:7,(anonymous_5)
FNDA:8,(anonymous_6)
FNDA:1,(anonymous_7)
FNDA:4,(anonymous_8)
FNDA:11,(anonymous_9)
FNDA:1,(anonymous_10)
FNDA:1,(anonymous_11)
FNDA:1,(anonymous_12)
FNDA:1,(anonymous_13)
FNDA:1,(anonymous_14)
DA:22,1
DA:24,7
DA:25,7
DA:29,7
DA:30,7
DA:31,7
DA:32,7
DA:33,7
DA:37,14
DA:41,14
DA:42,14
DA:43,14
DA:48,14
DA:50,7
DA:55,8
DA:56,1
DA:58,7
DA:62,1
DA:70,4
DA:71,4
DA:72,4
DA:73,4
DA:75,3
DA:76,3
DA:77,4
DA:78,11
DA:80,4
DA:81,1
DA:82,1
DA:88,1
DA:91,2
DA:93,1
DA:100,1
DA:101,1
DA:108,1
DA:111,1
DA:114,1
DA:123,3
LF:38
LH:38
BRDA:50,0,0,7
BRDA:50,0,1,7
BRDA:55,1,0,1
BRDA:73,2,0,3
BRDA:73,3,0,4
BRDA:73,3,1,3
BRDA:80,4,0,1
BRF:7
BRH:7
end_of_record
TN:
SF:src/app/modules/fabricantes/paginas/fabricantes/fabricantes.component.ts
FN:30,(anonymous_0)
FN:38,(anonymous_1)
FN:42,(anonymous_2)
FN:43,(anonymous_3)
FN:49,(anonymous_4)
FN:52,(anonymous_5)
FN:55,(anonymous_6)
FN:59,(anonymous_7)
FN:66,(anonymous_8)
FN:74,(anonymous_9)
FN:79,(anonymous_10)
FN:84,(anonymous_11)
FN:91,(anonymous_12)
FN:100,(anonymous_13)
FN:110,(anonymous_14)
FN:112,(anonymous_15)
FN:124,(anonymous_16)
FN:135,(anonymous_17)
FN:137,(anonymous_18)
FNF:19
FNH:19
FNDA:12,(anonymous_0)
FNDA:12,(anonymous_1)
FNDA:15,(anonymous_2)
FNDA:15,(anonymous_3)
FNDA:15,(anonymous_4)
FNDA:13,(anonymous_5)
FNDA:13,(anonymous_6)
FNDA:13,(anonymous_7)
FNDA:4,(anonymous_8)
FNDA:1,(anonymous_9)
FNDA:1,(anonymous_10)
FNDA:1,(anonymous_11)
FNDA:5,(anonymous_12)
FNDA:1,(anonymous_13)
FNDA:2,(anonymous_14)
FNDA:2,(anonymous_15)
FNDA:1,(anonymous_16)
FNDA:1,(anonymous_17)
FNDA:1,(anonymous_18)
DA:23,1
DA:24,12
DA:25,12
DA:27,12
DA:31,12
DA:32,12
DA:33,12
DA:34,12
DA:35,12
DA:39,12
DA:43,15
DA:44,15
DA:45,15
DA:50,15
DA:53,13
DA:55,13
DA:60,13
DA:61,1
DA:63,12
DA:67,4
DA:68,1
DA:70,3
DA:75,1
DA:79,1
DA:80,1
DA:85,1
DA:92,5
DA:93,5
DA:95,5
DA:96,5
DA:97,4
DA:98,4
DA:99,4
DA:100,1
DA:101,1
DA:107,1
DA:109,3
DA:111,2
DA:112,1
DA:113,2
DA:117,1
DA:124,1
DA:125,1
DA:133,2
DA:136,1
DA:137,1
DA:138,1
DA:147,4
LF:48
LH:48
BRDA:55,0,0,13
BRDA:55,0,1,12
BRDA:60,1,0,1
BRDA:67,2,0,1
BRDA:67,2,1,3
BRDA:67,3,0,4
BRDA:67,3,1,2
BRDA:96,4,0,4
BRDA:96,5,0,5
BRDA:96,5,1,4
BRDA:99,6,0,1
BRDA:111,7,0,1
BRDA:111,7,1,1
BRF:13
BRH:13
end_of_record
TN:
SF:src/app/modules/fabricantes/servicios/fabricantes.service.ts
FN:16,(anonymous_0)
FN:18,(anonymous_1)
FN:22,(anonymous_2)
FN:28,(anonymous_3)
FN:29,(anonymous_4)
FN:39,(anonymous_5)
FN:48,(anonymous_6)
FN:52,(anonymous_7)
FN:62,(anonymous_8)
FNF:9
FNH:9
FNDA:9,(anonymous_0)
FNDA:1,(anonymous_1)
FNDA:1,(anonymous_2)
FNDA:1,(anonymous_3)
FNDA:2,(anonymous_4)
FNDA:2,(anonymous_5)
FNDA:1,(anonymous_6)
FNDA:2,(anonymous_7)
FNDA:1,(anonymous_8)
DA:13,1
DA:14,9
DA:16,9
DA:19,1
DA:23,1
DA:29,1
DA:30,2
DA:40,2
DA:49,1
DA:53,2
DA:54,2
DA:56,2
DA:67,1
DA:68,1
DA:69,1
DA:70,2
DA:73,1
LF:17
LH:17
BRF:0
BRH:0
end_of_record
TN:
SF:src/app/modules/layout/paginas/layout/layout.component.ts
FNF:0
FNH:0
DA:13,1
LF:1
LH:1
BRF:0
BRH:0
end_of_record
TN:
SF:src/app/modules/planes/componentes/crear-plan-venta/crear-plan-venta.component.ts
FN:66,(anonymous_0)
FN:74,(anonymous_1)
FN:79,(anonymous_2)
FN:80,(anonymous_3)
FN:85,(anonymous_4)
FN:86,(anonymous_5)
FN:91,(anonymous_6)
FN:120,(anonymous_7)
FN:128,(anonymous_8)
FN:135,(anonymous_9)
FN:145,(anonymous_10)
FN:152,(anonymous_11)
FN:158,(anonymous_12)
FN:162,(anonymous_13)
FN:167,(anonymous_14)
FN:169,(anonymous_15)
FN:173,(anonymous_16)
FN:184,(anonymous_17)
FN:195,(anonymous_18)
FN:196,(anonymous_19)
FN:205,(anonymous_20)
FN:206,(anonymous_21)
FNF:22
FNH:19
FNDA:12,(anonymous_0)
FNDA:13,(anonymous_1)
FNDA:13,(anonymous_2)
FNDA:13,(anonymous_3)
FNDA:13,(anonymous_4)
FNDA:13,(anonymous_5)
FNDA:2,(anonymous_6)
FNDA:2,(anonymous_7)
FNDA:6,(anonymous_8)
FNDA:2,(anonymous_9)
FNDA:3,(anonymous_10)
FNDA:0,(anonymous_11)
FNDA:0,(anonymous_12)
FNDA:0,(anonymous_13)
FNDA:1,(anonymous_14)
FNDA:3,(anonymous_15)
FNDA:1,(anonymous_16)
FNDA:3,(anonymous_17)
FNDA:1,(anonymous_18)
FNDA:1,(anonymous_19)
FNDA:1,(anonymous_20)
FNDA:1,(anonymous_21)
DA:36,1
DA:37,12
DA:39,12
DA:40,12
DA:42,12
DA:64,12
DA:67,12
DA:68,12
DA:69,12
DA:70,12
DA:71,12
DA:75,13
DA:76,13
DA:80,13
DA:81,13
DA:86,13
DA:87,13
DA:92,2
DA:93,1
DA:98,1
DA:99,0
DA:104,1
DA:105,0
DA:110,1
DA:111,1
DA:117,0
DA:121,2
DA:129,6
DA:130,6
DA:131,6
DA:136,2
DA:137,1
DA:138,1
DA:141,1
DA:146,3
DA:147,1
DA:149,2
DA:152,12
DA:155,0
DA:159,0
DA:162,0
DA:167,12
DA:170,3
DA:171,1
DA:174,1
DA:180,1
DA:183,2
DA:184,3
DA:186,2
DA:194,2
DA:196,1
DA:197,1
DA:203,1
DA:206,1
DA:207,1
DA:213,1
LF:56
LH:50
BRDA:92,0,0,1
BRDA:98,1,0,0
BRDA:104,2,0,0
BRDA:104,3,0,1
BRDA:104,3,1,0
BRDA:110,4,0,1
BRDA:122,5,0,2
BRDA:122,5,1,1
BRDA:122,5,2,1
BRDA:131,6,0,6
BRDA:131,6,1,2
BRDA:136,7,0,1
BRDA:146,8,0,1
BRDA:147,9,0,0
BRDA:147,9,1,1
BRDA:149,10,0,1
BRDA:149,10,1,1
BRDA:159,11,0,0
BRDA:159,11,1,0
BRDA:170,12,0,1
BRF:20
BRH:14
end_of_record
TN:
SF:src/app/modules/planes/componentes/vendedores-plan/vendedores-plan.component.ts
FN:21,(anonymous_0)
FN:23,(anonymous_1)
FN:27,(anonymous_2)
FN:30,(anonymous_3)
FN:34,(anonymous_4)
FNF:5
FNH:5
FNDA:7,(anonymous_0)
FNDA:7,(anonymous_1)
FNDA:7,(anonymous_2)
FNDA:8,(anonymous_3)
FNDA:13,(anonymous_4)
DA:16,1
DA:18,7
DA:21,7
DA:24,7
DA:28,7
DA:30,8
DA:35,13
DA:36,5
DA:38,8
LF:9
LH:9
BRDA:30,0,0,8
BRDA:30,0,1,7
BRDA:35,1,0,5
BRF:3
BRH:3
end_of_record
TN:
SF:src/app/modules/planes/paginas/planes/planes.component.ts
FN:27,(anonymous_0)
FN:33,(anonymous_1)
FN:37,(anonymous_2)
FN:38,(anonymous_3)
FN:44,(anonymous_4)
FN:47,(anonymous_5)
FN:50,(anonymous_6)
FN:54,(anonymous_7)
FN:61,(anonymous_8)
FN:69,(anonymous_9)
FN:74,(anonymous_10)
FNF:11
FNH:11
FNDA:7,(anonymous_0)
FNDA:7,(anonymous_1)
FNDA:7,(anonymous_2)
FNDA:7,(anonymous_3)
FNDA:7,(anonymous_4)
FNDA:8,(anonymous_5)
FNDA:8,(anonymous_6)
FNDA:9,(anonymous_7)
FNDA:4,(anonymous_8)
FNDA:1,(anonymous_9)
FNDA:1,(anonymous_10)
DA:20,1
DA:21,7
DA:22,7
DA:24,7
DA:28,7
DA:29,7
DA:30,7
DA:34,7
DA:38,7
DA:39,7
DA:40,7
DA:45,7
DA:48,8
DA:50,8
DA:55,9
DA:56,1
DA:58,8
DA:62,4
DA:63,1
DA:65,3
DA:70,1
DA:74,1
DA:75,1
LF:23
LH:23
BRDA:50,0,0,8
BRDA:50,0,1,7
BRDA:55,1,0,1
BRDA:62,2,0,1
BRDA:62,2,1,3
BRDA:62,3,0,4
BRDA:62,3,1,2
BRF:7
BRH:7
end_of_record
TN:
SF:src/app/modules/planes/servicios/planes.service.ts
FN:16,(anonymous_0)
FN:23,(anonymous_1)
FN:25,(anonymous_2)
FN:26,(anonymous_3)
FN:33,(anonymous_4)
FN:39,(anonymous_5)
FNF:6
FNH:6
FNDA:3,(anonymous_0)
FNDA:1,(anonymous_1)
FNDA:1,(anonymous_2)
FNDA:1,(anonymous_3)
FNDA:1,(anonymous_4)
FNDA:1,(anonymous_5)
DA:12,1
DA:13,3
DA:17,3
DA:18,3
DA:20,3
DA:24,1
DA:26,1
DA:27,1
DA:28,1
DA:29,1
DA:31,1
DA:34,1
DA:40,1
LF:13
LH:13
BRF:0
BRH:0
end_of_record
TN:
SF:src/app/modules/productos/paginas/productos/productos.component.ts
FN:26,(anonymous_0)
FN:32,(anonymous_1)
FN:36,(anonymous_2)
FN:37,(anonymous_3)
FN:43,(anonymous_4)
FN:46,(anonymous_5)
FN:49,(anonymous_6)
FN:53,(anonymous_7)
FN:60,(anonymous_8)
FNF:9
FNH:8
FNDA:1,(anonymous_0)
FNDA:1,(anonymous_1)
FNDA:1,(anonymous_2)
FNDA:1,(anonymous_3)
FNDA:1,(anonymous_4)
FNDA:1,(anonymous_5)
FNDA:1,(anonymous_6)
FNDA:1,(anonymous_7)
FNDA:0,(anonymous_8)
DA:19,1
DA:20,1
DA:23,1
DA:27,1
DA:28,1
DA:29,1
DA:33,1
DA:37,1
DA:38,1
DA:39,1
DA:44,1
DA:47,1
DA:49,1
DA:54,1
DA:55,0
DA:57,1
DA:61,0
LF:17
LH:15
BRDA:49,0,0,1
BRDA:49,0,1,1
BRDA:54,1,0,0
BRF:3
BRH:2
end_of_record
TN:
SF:src/app/modules/productos/servicios/productos.service.ts
FN:12,(anonymous_0)
FN:14,(anonymous_1)
FNF:2
FNH:2
FNDA:2,(anonymous_0)
FNDA:1,(anonymous_1)
DA:9,1
DA:10,2
DA:12,2
DA:15,1
LF:4
LH:4
BRF:0
BRH:0
end_of_record
TN:
SF:src/app/modules/rutas/componentes/generar-ruta/generar-ruta.component.ts
FN:50,(anonymous_0)
FN:57,(anonymous_1)
FN:61,(anonymous_2)
FN:62,(anonymous_3)
FN:67,(anonymous_4)
FN:75,(anonymous_5)
FN:81,(anonymous_6)
FN:85,(anonymous_7)
FN:90,(anonymous_8)
FN:92,(anonymous_9)
FN:107,(anonymous_10)
FN:116,(anonymous_11)
FN:117,(anonymous_12)
FN:126,(anonymous_13)
FN:127,(anonymous_14)
FNF:15
FNH:12
FNDA:8,(anonymous_0)
FNDA:9,(anonymous_1)
FNDA:9,(anonymous_2)
FNDA:9,(anonymous_3)
FNDA:2,(anonymous_4)
FNDA:0,(anonymous_5)
FNDA:0,(anonymous_6)
FNDA:0,(anonymous_7)
FNDA:1,(anonymous_8)
FNDA:1,(anonymous_9)
FNDA:2,(anonymous_10)
FNDA:1,(anonymous_11)
FNDA:1,(anonymous_12)
FNDA:1,(anonymous_13)
FNDA:1,(anonymous_14)
DA:34,1
DA:35,8
DA:38,8
DA:48,8
DA:51,8
DA:52,8
DA:53,8
DA:54,8
DA:58,9
DA:62,9
DA:63,9
DA:68,2
DA:75,8
DA:78,0
DA:82,0
DA:85,0
DA:90,8
DA:93,1
DA:94,1
DA:99,0
DA:100,0
DA:104,0
DA:108,2
DA:109,2
DA:110,2
DA:115,2
DA:117,1
DA:118,1
DA:124,1
DA:127,1
DA:128,1
DA:134,1
LF:32
LH:26
BRDA:69,0,0,2
BRDA:69,0,1,1
BRDA:69,0,2,1
BRDA:82,1,0,0
BRDA:82,1,1,0
BRDA:93,2,0,1
BRDA:99,3,0,0
BRF:7
BRH:4
end_of_record
TN:
SF:src/app/modules/rutas/componentes/ruta-detalle/ruta-detalle.component.ts
FN:16,(anonymous_0)
FN:21,(anonymous_1)
FNF:2
FNH:2
FNDA:3,(anonymous_0)
FNDA:1,(anonymous_1)
DA:14,1
DA:17,3
DA:18,3
DA:22,1
LF:4
LH:4
BRF:0
BRH:0
end_of_record
TN:
SF:src/app/modules/rutas/paginas/rutas/rutas.component.ts
FN:35,(anonymous_0)
FN:43,(anonymous_1)
FN:47,(anonymous_2)
FN:48,(anonymous_3)
FN:54,(anonymous_4)
FN:57,(anonymous_5)
FN:61,(anonymous_6)
FN:68,(anonymous_7)
FN:76,(anonymous_8)
FN:81,(anonymous_9)
FN:86,(anonymous_10)
FN:90,(anonymous_11)
FNF:12
FNH:12
FNDA:8,(anonymous_0)
FNDA:8,(anonymous_1)
FNDA:9,(anonymous_2)
FNDA:9,(anonymous_3)
FNDA:9,(anonymous_4)
FNDA:9,(anonymous_5)
FNDA:10,(anonymous_6)
FNDA:4,(anonymous_7)
FNDA:1,(anonymous_8)
FNDA:1,(anonymous_9)
FNDA:1,(anonymous_10)
FNDA:1,(anonymous_11)
DA:28,1
DA:29,8
DA:30,8
DA:32,8
DA:36,8
DA:37,8
DA:38,8
DA:39,8
DA:40,8
DA:44,8
DA:48,9
DA:49,9
DA:50,9
DA:55,9
DA:57,9
DA:62,10
DA:63,1
DA:65,9
DA:69,4
DA:70,1
DA:72,3
DA:77,1
DA:81,1
DA:82,1
DA:87,1
DA:88,1
DA:89,1
DA:90,1
DA:91,1
DA:99,1
DA:100,1
LF:31
LH:31
BRDA:57,0,0,9
BRDA:57,0,1,8
BRDA:62,1,0,1
BRDA:69,2,0,1
BRDA:69,2,1,3
BRDA:69,3,0,4
BRDA:69,3,1,2
BRF:7
BRH:7
end_of_record
TN:
SF:src/app/modules/rutas/servicios/rutas.service.ts
FN:18,(anonymous_0)
FN:20,(anonymous_1)
FN:22,(anonymous_2)
FN:23,(anonymous_3)
FN:27,(anonymous_4)
FN:39,(anonymous_5)
FN:43,(anonymous_6)
FNF:7
FNH:7
FNDA:5,(anonymous_0)
FNDA:2,(anonymous_1)
FNDA:1,(anonymous_2)
FNDA:1,(anonymous_3)
FNDA:1,(anonymous_4)
FNDA:1,(anonymous_5)
FNDA:1,(anonymous_6)
DA:15,1
DA:16,5
DA:18,5
DA:21,2
DA:23,1
DA:24,1
DA:28,1
DA:40,1
DA:44,1
LF:9
LH:9
BRF:0
BRH:0
end_of_record
TN:
SF:src/app/modules/vendedores/componentes/crear-vendedor/crear-vendedor.component.ts
FN:44,(anonymous_0)
FN:50,(anonymous_1)
FN:80,(anonymous_2)
FN:87,(anonymous_3)
FN:99,(anonymous_4)
FN:103,(anonymous_5)
FN:112,(anonymous_6)
FN:113,(anonymous_7)
FNF:8
FNH:8
FNDA:11,(anonymous_0)
FNDA:159,(anonymous_1)
FNDA:134,(anonymous_2)
FNDA:2,(anonymous_3)
FNDA:1,(anonymous_4)
FNDA:1,(anonymous_5)
FNDA:1,(anonymous_6)
FNDA:1,(anonymous_7)
DA:17,1
DA:18,11
DA:20,11
DA:45,11
DA:46,11
DA:47,11
DA:51,159
DA:52,155
DA:57,4
DA:58,1
DA:64,3
DA:65,1
DA:71,2
DA:72,1
DA:77,1
DA:81,134
DA:88,2
DA:89,2
DA:98,2
DA:100,1
DA:101,1
DA:104,1
DA:110,1
DA:113,1
DA:114,1
DA:120,1
DA:123,2
LF:27
LH:27
BRDA:51,0,0,155
BRDA:57,1,0,1
BRDA:64,2,0,1
BRDA:71,3,0,1
BRDA:82,4,0,134
BRDA:82,4,1,133
BRDA:82,4,2,133
BRF:7
BRH:7
end_of_record
TN:
SF:src/app/modules/vendedores/paginas/vendedores/vendedores.component.ts
FN:25,(anonymous_0)
FN:31,(anonymous_1)
FN:35,(anonymous_2)
FN:36,(anonymous_3)
FN:42,(anonymous_4)
FN:45,(anonymous_5)
FN:48,(anonymous_6)
FN:52,(anonymous_7)
FN:59,(anonymous_8)
FN:64,(anonymous_9)
FNF:10
FNH:10
FNDA:5,(anonymous_0)
FNDA:5,(anonymous_1)
FNDA:6,(anonymous_2)
FNDA:6,(anonymous_3)
FNDA:6,(anonymous_4)
FNDA:6,(anonymous_5)
FNDA:6,(anonymous_6)
FNDA:6,(anonymous_7)
FNDA:1,(anonymous_8)
FNDA:1,(anonymous_9)
DA:18,1
DA:19,5
DA:22,5
DA:26,5
DA:27,5
DA:28,5
DA:32,5
DA:36,6
DA:37,6
DA:38,6
DA:43,6
DA:46,6
DA:48,6
DA:53,6
DA:54,1
DA:56,5
DA:60,1
DA:64,1
DA:65,1
LF:19
LH:19
BRDA:48,0,0,6
BRDA:48,0,1,5
BRDA:53,1,0,1
BRF:3
BRH:3
end_of_record
TN:
SF:src/app/modules/vendedores/servicios/vendedores.service.ts
FN:14,(anonymous_0)
FN:16,(anonymous_1)
FN:20,(anonymous_2)
FNF:3
FNH:3
FNDA:5,(anonymous_0)
FNDA:2,(anonymous_1)
FNDA:2,(anonymous_2)
DA:11,1
DA:12,5
DA:14,5
DA:17,2
DA:21,2
LF:5
LH:5
BRF:0
BRH:0
end_of_record
TN:
SF:src/app/modules/ventas/componentes/filtrar-ventas/filtrar-ventas.component.ts
FN:58,(anonymous_0)
FN:60,(anonymous_1)
FN:64,(anonymous_2)
FN:65,(anonymous_3)
FN:71,(anonymous_4)
FN:77,(anonymous_5)
FN:81,(anonymous_6)
FN:86,(anonymous_7)
FN:88,(anonymous_8)
FN:110,(anonymous_9)
FN:117,(anonymous_10)
FNF:11
FNH:11
FNDA:13,(anonymous_0)
FNDA:14,(anonymous_1)
FNDA:14,(anonymous_2)
FNDA:14,(anonymous_3)
FNDA:2,(anonymous_4)
FNDA:2,(anonymous_5)
FNDA:2,(anonymous_6)
FNDA:1,(anonymous_7)
FNDA:3,(anonymous_8)
FNDA:2,(anonymous_9)
FNDA:3,(anonymous_10)
DA:35,1
DA:36,13
DA:38,13
DA:56,13
DA:58,13
DA:61,14
DA:65,14
DA:66,14
DA:67,14
DA:71,13
DA:74,2
DA:78,2
DA:81,2
DA:86,13
DA:89,3
DA:90,1
DA:95,2
DA:96,1
DA:101,1
DA:102,1
DA:107,0
DA:111,2
DA:118,3
DA:119,3
DA:120,3
DA:125,3
LF:26
LH:25
BRDA:78,0,0,1
BRDA:78,0,1,1
BRDA:89,1,0,1
BRDA:95,2,0,1
BRDA:101,3,0,1
BRDA:101,4,0,1
BRDA:101,4,1,1
BRDA:112,5,0,2
BRDA:112,5,1,1
BRDA:112,5,2,1
BRDA:121,6,0,2
BRDA:121,6,1,1
BRDA:122,7,0,1
BRDA:122,7,1,2
BRDA:123,8,0,1
BRDA:123,8,1,2
BRF:16
BRH:16
end_of_record
TN:
SF:src/app/modules/ventas/paginas/ventas/ventas.component.ts
FN:29,(anonymous_0)
FN:35,(anonymous_1)
FN:39,(anonymous_2)
FN:40,(anonymous_3)
FN:47,(anonymous_4)
FN:50,(anonymous_5)
FN:54,(anonymous_6)
FN:61,(anonymous_7)
FN:69,(anonymous_8)
FN:74,(anonymous_9)
FNF:10
FNH:7
FNDA:1,(anonymous_0)
FNDA:1,(anonymous_1)
FNDA:1,(anonymous_2)
FNDA:1,(anonymous_3)
FNDA:1,(anonymous_4)
FNDA:1,(anonymous_5)
FNDA:1,(anonymous_6)
FNDA:0,(anonymous_7)
FNDA:0,(anonymous_8)
FNDA:0,(anonymous_9)
DA:19,1
DA:21,1
DA:24,1
DA:25,1
DA:27,1
DA:30,1
DA:31,1
DA:32,1
DA:36,1
DA:40,1
DA:41,1
DA:42,1
DA:43,1
DA:48,1
DA:50,1
DA:55,1
DA:56,0
DA:58,1
DA:62,0
DA:63,0
DA:64,0
DA:65,0
DA:66,0
DA:70,0
DA:74,0
DA:75,0
DA:76,0
DA:77,0
LF:28
LH:17
BRDA:50,0,0,1
BRDA:50,0,1,1
BRDA:55,1,0,0
BRDA:75,2,0,0
BRF:4
BRH:2
end_of_record
TN:
SF:src/app/modules/ventas/servicios/ventas.service.ts
FN:17,(anonymous_0)
FN:24,(anonymous_1)
FN:26,(anonymous_2)
FN:27,(anonymous_3)
FN:31,(anonymous_4)
FN:32,(anonymous_5)
FN:41,(anonymous_6)
FN:43,(anonymous_7)
FN:50,(anonymous_8)
FN:52,(anonymous_9)
FN:53,(anonymous_10)
FN:58,(anonymous_11)
FNF:12
FNH:12
FNDA:7,(anonymous_0)
FNDA:3,(anonymous_1)
FNDA:4,(anonymous_2)
FNDA:4,(anonymous_3)
FNDA:3,(anonymous_4)
FNDA:6,(anonymous_5)
FNDA:3,(anonymous_6)
FNDA:6,(anonymous_7)
FNDA:3,(anonymous_8)
FNDA:10,(anonymous_9)
FNDA:9,(anonymous_10)
FNDA:2,(anonymous_11)
DA:12,1
DA:13,7
DA:15,7
DA:18,7
DA:19,7
DA:21,7
DA:25,3
DA:26,4
DA:27,4
DA:30,3
DA:32,6
DA:39,3
DA:42,3
DA:43,6
DA:51,3
DA:52,10
DA:53,9
DA:55,3
DA:59,2
LF:19
LH:19
BRDA:26,0,0,4
BRDA:26,0,1,4
BRDA:43,1,0,6
BRDA:43,1,1,1
BRDA:52,2,0,10
BRDA:52,2,1,9
BRF:6
BRH:6
end_of_record
TN:
SF:src/app/shared/componentes/calendar/calendar.component.ts
FN:36,(anonymous_0)
FN:38,(anonymous_1)
FN:45,(anonymous_2)
FN:86,(anonymous_3)
FN:137,(anonymous_5)
FN:141,(anonymous_6)
FN:146,(anonymous_7)
FN:151,(anonymous_8)
FN:156,(anonymous_9)
FN:194,(anonymous_11)
FN:197,(anonymous_12)
FN:201,(anonymous_13)
FN:204,(anonymous_14)
FN:209,(anonymous_15)
FN:212,(anonymous_16)
FN:218,(anonymous_17)
FN:228,(anonymous_18)
FN:230,(anonymous_19)
FN:242,(anonymous_20)
FN:244,(anonymous_21)
FN:252,(anonymous_22)
FN:258,(anonymous_23)
FN:287,(anonymous_24)
FN:291,(anonymous_25)
FN:314,(anonymous_26)
FN:319,(anonymous_27)
FN:336,(anonymous_28)
FN:340,(anonymous_29)
FN:344,(anonymous_30)
FN:350,(anonymous_31)
FN:364,(anonymous_32)
FN:172,(anonymous_34)
FNF:32
FNH:27
FNDA:24,(anonymous_0)
FNDA:29,(anonymous_1)
FNDA:12,(anonymous_2)
FNDA:38,(anonymous_3)
FNDA:9,(anonymous_5)
FNDA:4,(anonymous_6)
FNDA:4,(anonymous_7)
FNDA:6,(anonymous_8)
FNDA:2,(anonymous_9)
FNDA:2,(anonymous_11)
FNDA:26,(anonymous_12)
FNDA:2,(anonymous_13)
FNDA:26,(anonymous_14)
FNDA:0,(anonymous_15)
FNDA:0,(anonymous_16)
FNDA:13,(anonymous_17)
FNDA:13,(anonymous_18)
FNDA:13,(anonymous_19)
FNDA:13,(anonymous_20)
FNDA:13,(anonymous_21)
FNDA:13,(anonymous_22)
FNDA:11,(anonymous_23)
FNDA:6,(anonymous_24)
FNDA:8,(anonymous_25)
FNDA:2,(anonymous_26)
FNDA:8,(anonymous_27)
FNDA:0,(anonymous_28)
FNDA:0,(anonymous_29)
FNDA:2,(anonymous_30)
FNDA:1,(anonymous_31)
FNDA:6,(anonymous_32)
FNDA:0,(anonymous_34)
DA:28,1
DA:29,24
DA:34,24
DA:36,24
DA:37,24
DA:38,24
DA:39,29
DA:40,29
DA:47,12
DA:50,10
DA:51,10
DA:53,9
DA:54,9
DA:56,9
DA:62,6
DA:64,5
DA:65,5
DA:66,5
DA:69,1
DA:70,1
DA:71,1
DA:74,6
DA:75,2
DA:79,4
DA:80,2
DA:83,2
DA:87,38
DA:89,11
DA:91,11
DA:93,10
DA:96,1
DA:101,1
DA:102,9
DA:106,9
DA:137,9
DA:138,9
DA:142,4
DA:143,4
DA:147,4
DA:148,4
DA:152,6
DA:153,6
DA:157,2
DA:158,2
DA:172,0
DA:177,1
DA:179,13
DA:181,13
DA:183,13
DA:185,13
DA:191,13
DA:192,13
DA:195,2
DA:198,26
DA:202,2
DA:205,26
DA:209,13
DA:212,13
DA:219,13
DA:220,13
DA:221,13
DA:222,13
DA:223,13
DA:225,13
DA:230,13
DA:232,13
DA:235,13
DA:236,0
DA:237,0
DA:244,13
DA:245,13
DA:246,13
DA:247,13
DA:253,13
DA:254,13
DA:259,11
DA:261,11
DA:263,1
DA:264,1
DA:265,1
DA:266,1
DA:273,0
DA:274,10
DA:275,1
DA:280,9
DA:281,9
DA:283,0
DA:288,6
DA:291,6
DA:296,8
DA:298,8
DA:299,6
DA:301,2
DA:302,2
DA:304,0
DA:307,6
DA:308,6
DA:310,6
DA:315,2
DA:320,8
DA:321,7
DA:322,7
DA:323,7
DA:324,7
DA:326,0
DA:327,0
DA:330,1
DA:331,1
DA:333,8
DA:337,0
DA:341,0
DA:345,2
DA:346,2
DA:351,1
DA:353,1
DA:354,1
DA:357,1
DA:358,1
DA:359,1
DA:360,1
DA:366,6
DA:369,6
DA:376,2
DA:377,1
DA:378,1
DA:379,1
DA:381,4
DA:383,2
DA:384,2
DA:388,6
LF:130
LH:120
BRDA:39,0,0,29
BRDA:39,1,0,29
BRDA:39,1,1,2
BRDA:47,2,0,2
BRDA:47,3,0,12
BRDA:47,3,1,10
BRDA:51,4,0,1
BRDA:56,5,0,3
BRDA:62,6,0,5
BRDA:62,6,1,1
BRDA:74,7,0,2
BRDA:74,8,0,6
BRDA:74,8,1,5
BRDA:74,8,2,5
BRDA:79,9,0,2
BRDA:79,10,0,4
BRDA:79,10,1,4
BRDA:79,10,2,3
BRDA:79,10,3,3
BRDA:87,11,0,27
BRDA:91,12,0,10
BRDA:91,12,1,1
BRDA:195,13,0,2
BRDA:195,13,1,0
BRDA:202,14,0,2
BRDA:202,14,1,0
BRDA:232,15,0,13
BRDA:232,15,1,0
BRDA:235,16,0,0
BRDA:245,17,0,13
BRDA:246,18,0,2
BRDA:247,19,0,2
BRDA:259,20,0,0
BRDA:261,21,0,1
BRDA:261,21,1,10
BRDA:263,22,0,1
BRDA:265,23,0,1
BRDA:274,24,0,1
BRDA:274,24,1,9
BRDA:280,25,0,9
BRDA:280,26,0,9
BRDA:280,26,1,9
BRDA:280,26,2,9
BRDA:280,26,3,9
BRDA:288,27,0,0
BRDA:296,28,0,0
BRDA:296,29,0,8
BRDA:296,29,1,8
BRDA:298,30,0,6
BRDA:299,31,0,3
BRDA:299,31,1,3
BRDA:301,32,0,2
BRDA:302,33,0,1
BRDA:302,33,1,1
BRDA:304,34,0,0
BRDA:304,34,1,0
BRDA:307,35,0,6
BRDA:307,35,1,4
BRDA:308,36,0,6
BRDA:308,36,1,4
BRDA:310,37,0,6
BRDA:310,37,1,4
BRDA:320,38,0,7
BRDA:320,38,1,1
BRDA:322,39,0,7
BRDA:322,39,1,0
BRDA:351,40,0,0
BRDA:369,41,0,2
BRDA:369,41,1,4
BRDA:370,42,0,6
BRDA:370,42,1,4
BRDA:370,42,2,2
BRDA:370,42,3,2
BRDA:370,42,4,2
BRDA:376,43,0,1
BRDA:381,44,0,2
BRDA:381,45,0,4
BRDA:381,45,1,3
BRF:78
BRH:67
end_of_record
TN:
SF:src/app/shared/componentes/header/header.component.ts
FNF:0
FNH:0
DA:9,1
LF:1
LH:1
BRF:0
BRH:0
end_of_record
TN:
SF:src/app/shared/componentes/menu/menu.component.ts
FN:58,(anonymous_0)
FN:64,(anonymous_1)
FN:68,(anonymous_2)
FN:75,(anonymous_3)
FNF:4
FNH:4
FNDA:6,(anonymous_0)
FNDA:6,(anonymous_1)
FNDA:1,(anonymous_2)
FNDA:1,(anonymous_3)
DA:17,1
DA:18,6
DA:56,6
DA:59,6
DA:60,6
DA:61,6
DA:65,6
DA:69,1
DA:70,1
DA:76,1
LF:10
LH:10
BRDA:69,0,0,1
BRDA:69,1,0,1
BRDA:69,1,1,1
BRF:3
BRH:3
end_of_record
TN:
SF:src/app/shared/componentes/visor-imagenes-dialog/visor-imagenes-dialog.component.ts
FNF:0
FNH:0
DA:13,1
DA:14,1
DA:15,1
LF:3
LH:3
BRF:0
BRH:0
end_of_record
TN:
SF:src/app/shared/componentes/visor-mapa/visor-mapa.component.ts
FN:50,(anonymous_0)
FN:54,(anonymous_1)
FN:55,(anonymous_2)
FN:64,(anonymous_3)
FN:65,(anonymous_4)
FN:68,(anonymous_5)
FN:79,(anonymous_6)
FN:81,(anonymous_7)
FN:90,(anonymous_8)
FN:96,(anonymous_9)
FN:102,(anonymous_10)
FN:108,(anonymous_11)
FN:116,(anonymous_12)
FN:128,(anonymous_13)
FN:134,(anonymous_14)
FN:177,(anonymous_15)
FN:179,(anonymous_16)
FN:188,(anonymous_17)
FN:192,(anonymous_18)
FN:214,(anonymous_19)
FN:222,(anonymous_20)
FN:235,(anonymous_21)
FN:236,(anonymous_22)
FN:252,(anonymous_23)
FN:272,(anonymous_24)
FN:287,(anonymous_25)
FN:318,(anonymous_26)
FN:338,(anonymous_27)
FN:362,(anonymous_28)
FNF:29
FNH:17
FNDA:11,(anonymous_0)
FNDA:9,(anonymous_1)
FNDA:9,(anonymous_2)
FNDA:0,(anonymous_3)
FNDA:0,(anonymous_4)
FNDA:0,(anonymous_5)
FNDA:0,(anonymous_6)
FNDA:0,(anonymous_7)
FNDA:1,(anonymous_8)
FNDA:0,(anonymous_9)
FNDA:13,(anonymous_10)
FNDA:0,(anonymous_11)
FNDA:0,(anonymous_12)
FNDA:4,(anonymous_13)
FNDA:4,(anonymous_14)
FNDA:0,(anonymous_15)
FNDA:0,(anonymous_16)
FNDA:0,(anonymous_17)
FNDA:0,(anonymous_18)
FNDA:13,(anonymous_19)
FNDA:34,(anonymous_20)
FNDA:34,(anonymous_21)
FNDA:34,(anonymous_22)
FNDA:15,(anonymous_23)
FNDA:13,(anonymous_24)
FNDA:13,(anonymous_25)
FNDA:13,(anonymous_26)
FNDA:13,(anonymous_27)
FNDA:14,(anonymous_28)
DA:15,1
DA:16,11
DA:18,11
DA:22,11
DA:23,11
DA:24,11
DA:25,11
DA:26,11
DA:28,11
DA:31,11
DA:33,11
DA:41,11
DA:51,11
DA:55,9
DA:56,9
DA:57,9
DA:62,11
DA:65,0
DA:66,0
DA:68,0
DA:69,0
DA:70,0
DA:72,0
DA:75,0
DA:76,0
DA:77,0
DA:78,0
DA:79,0
DA:81,0
DA:82,0
DA:83,0
DA:86,0
DA:91,1
DA:95,1
DA:96,0
DA:97,0
DA:103,13
DA:106,2
DA:108,0
DA:109,0
DA:110,0
DA:112,0
DA:116,2
DA:117,2
DA:118,2
DA:121,2
DA:124,2
DA:125,2
DA:128,2
DA:129,4
DA:130,2
DA:134,2
DA:135,4
DA:136,4
DA:139,4
DA:142,4
DA:145,4
DA:157,4
DA:169,4
DA:177,4
DA:179,0
DA:181,0
DA:188,4
DA:190,0
DA:191,0
DA:192,0
DA:193,0
DA:209,4
DA:210,4
DA:215,13
DA:216,1
DA:217,1
DA:220,12
DA:222,12
DA:223,34
DA:229,1
DA:230,1
DA:235,34
DA:236,34
DA:237,12
DA:243,12
DA:246,12
DA:248,0
DA:253,15
DA:254,2
DA:255,2
DA:258,13
DA:261,13
DA:266,13
DA:272,13
DA:278,13
DA:287,13
DA:288,13
DA:289,13
DA:290,13
DA:293,13
DA:294,13
DA:298,13
DA:301,13
DA:302,13
DA:303,13
DA:304,13
DA:307,0
DA:309,0
DA:312,0
DA:320,13
DA:322,13
DA:323,0
DA:326,13
DA:329,13
DA:330,13
DA:338,13
DA:340,13
DA:341,0
DA:351,13
DA:352,13
DA:359,13
DA:363,14
DA:365,14
DA:366,14
DA:369,14
DA:370,40
DA:374,14
DA:375,14
DA:378,14
DA:379,14
DA:382,14
DA:383,14
DA:386,14
DA:388,14
DA:389,14
DA:390,14
DA:391,13
DA:392,13
DA:393,1
DA:394,1
DA:395,1
DA:396,1
DA:397,1
DA:399,14
DA:401,0
DA:403,0
LF:142
LH:107
BRDA:66,0,0,0
BRDA:66,1,0,0
BRDA:66,1,1,0
BRDA:95,2,0,0
BRDA:103,3,0,11
BRDA:106,4,0,0
BRDA:121,5,0,2
BRDA:121,5,1,0
BRDA:129,6,0,2
BRDA:139,7,0,2
BRDA:139,7,1,2
BRDA:139,8,0,2
BRDA:139,8,1,0
BRDA:148,9,0,4
BRDA:148,9,1,0
BRDA:159,10,0,4
BRDA:159,10,1,0
BRDA:160,11,0,4
BRDA:160,11,1,0
BRDA:191,12,0,0
BRDA:215,13,0,1
BRDA:215,14,0,13
BRDA:215,14,1,13
BRDA:223,15,0,1
BRDA:224,16,0,34
BRDA:224,16,1,34
BRDA:224,16,2,34
BRDA:224,16,3,33
BRDA:253,17,0,2
BRDA:288,18,0,13
BRDA:288,18,1,0
BRDA:293,19,0,13
BRDA:301,20,0,13
BRDA:322,21,0,0
BRDA:322,22,0,13
BRDA:322,22,1,13
BRDA:340,23,0,0
BRDA:363,24,0,0
BRDA:363,25,0,14
BRDA:363,25,1,14
BRDA:363,25,2,14
BRDA:388,26,0,0
BRDA:388,26,1,14
BRDA:389,27,0,0
BRDA:389,27,1,14
BRDA:390,28,0,1
BRDA:390,28,1,13
BRDA:391,29,0,0
BRDA:391,29,1,13
BRDA:392,30,0,12
BRDA:392,30,1,1
BRDA:393,31,0,0
BRDA:393,31,1,1
BRDA:394,32,0,0
BRDA:394,32,1,1
BRDA:395,33,0,0
BRDA:395,33,1,1
BRDA:396,34,0,0
BRDA:396,34,1,1
BRF:59
BRH:37
end_of_record
TN:
SF:src/app/shared/directivas/only-numbers.directive.ts
FN:8,(anonymous_0)
FN:10,(anonymous_1)
FNF:2
FNH:2
FNDA:48,(anonymous_0)
FNDA:2,(anonymous_1)
DA:7,1
DA:8,48
DA:11,2
DA:12,2
DA:13,2
DA:14,1
LF:6
LH:6
BRDA:13,0,0,1
BRF:1
BRH:1
end_of_record
TN:
SF:src/app/shared/guards/validate-token.guard.ts
FN:3,(anonymous_0)
FNF:1
FNH:1
FNDA:1,(anonymous_0)
DA:3,1
DA:4,1
LF:2
LH:2
BRF:0
BRH:0
end_of_record
TN:
SF:src/app/shared/interceptores/http-error.interceptor.ts
FN:3,(anonymous_0)
FNF:1
FNH:0
FNDA:0,(anonymous_0)
DA:3,1
DA:4,0
LF:2
LH:1
BRF:0
BRH:0
end_of_record
TN:
SF:src/app/shared/interceptores/http-headers.interceptor.ts
FN:5,(anonymous_0)
FNF:1
FNH:1
FNDA:3,(anonymous_0)
DA:5,1
DA:6,3
DA:7,1
DA:8,1
DA:10,1
DA:16,3
LF:6
LH:6
BRDA:6,0,0,1
BRDA:6,1,0,3
BRDA:6,1,1,2
BRF:3
BRH:3
end_of_record
TN:
SF:src/app/shared/interceptores/http-spinner.interceptor.ts
FN:6,(anonymous_0)
FN:12,(anonymous_1)
FNF:2
FNH:2
FNDA:2,(anonymous_0)
FNDA:2,(anonymous_1)
DA:6,1
DA:7,2
DA:9,2
DA:11,2
DA:13,2
LF:5
LH:5
BRF:0
BRH:0
end_of_record
TN:
SF:src/app/shared/otros/date-validators.ts
FN:4,noMenorAFechaActual
FN:5,(anonymous_1)
FN:32,fechaFinMayorAInicio
FN:33,(anonymous_3)
FNF:4
FNH:4
FNDA:44,noMenorAFechaActual
FNDA:66,(anonymous_1)
FNDA:35,fechaFinMayorAInicio
FNDA:64,(anonymous_3)
DA:5,44
DA:7,66
DA:8,45
DA:11,21
DA:14,21
DA:15,21
DA:16,21
DA:17,21
DA:20,21
DA:23,21
DA:24,6
DA:27,15
DA:33,35
DA:34,64
DA:35,0
DA:38,64
DA:39,64
DA:40,64
DA:43,64
DA:44,52
DA:49,12
DA:51,3
DA:52,3
DA:53,3
DA:54,3
DA:56,3
DA:59,9
DA:60,9
DA:61,0
DA:62,0
DA:66,9
LF:31
LH:28
BRDA:7,0,0,45
BRDA:7,1,0,66
BRDA:7,1,1,21
BRDA:23,2,0,6
BRDA:34,3,0,0
BRDA:43,4,0,52
BRDA:43,5,0,64
BRDA:43,5,1,21
BRDA:43,5,2,12
BRDA:43,5,3,12
BRDA:49,6,0,3
BRDA:49,6,1,9
BRDA:52,7,0,3
BRDA:53,8,0,3
BRDA:53,8,1,2
BRDA:60,9,0,0
BRDA:60,10,0,9
BRDA:60,10,1,9
BRDA:62,11,0,0
BRDA:62,11,1,0
BRF:20
BRH:16
end_of_record
TN:
SF:src/app/shared/otros/shared-imports.ts
FNF:0
FNH:0
DA:7,1
LF:1
LH:1
BRF:0
BRH:0
end_of_record
TN:
SF:src/app/shared/pipes/highlight-text.pipe.ts
FN:10,(anonymous_0)
FN:12,(anonymous_1)
FNF:2
FNH:2
FNDA:535,(anonymous_0)
FNDA:1064,(anonymous_1)
DA:9,1
DA:10,535
DA:13,1064
DA:14,1064
DA:15,1062
DA:17,2
DA:21,2
DA:22,2
LF:8
LH:8
BRDA:12,0,0,1
BRDA:13,1,0,1031
BRDA:13,1,1,33
BRDA:14,2,0,1062
BRF:4
BRH:4
end_of_record
TN:
SF:src/app/shared/pipes/local-currency.pipe.ts
FN:11,(anonymous_0)
FN:13,(anonymous_1)
FNF:2
FNH:2
FNDA:20,(anonymous_0)
FNDA:35,(anonymous_1)
DA:10,1
DA:11,20
DA:19,35
DA:20,35
DA:22,35
DA:23,35
LF:6
LH:6
BRDA:20,0,0,35
BRDA:20,0,1,35
BRF:2
BRH:2
end_of_record
TN:
SF:src/app/shared/pipes/local-date.pipe.ts
FN:13,(anonymous_0)
FN:15,(anonymous_1)
FN:21,(anonymous_2)
FNF:3
FNH:3
FNDA:19,(anonymous_0)
FNDA:27,(anonymous_1)
FNDA:9,(anonymous_2)
DA:10,1
DA:11,19
DA:13,19
DA:15,19
DA:17,27
DA:22,9
DA:23,9
DA:25,9
DA:26,7
DA:28,3
DA:30,1
DA:33,2
DA:34,2
DA:37,2
DA:39,1
DA:42,1
DA:45,2
DA:47,1
DA:50,1
DA:55,2
LF:20
LH:20
BRDA:21,0,0,5
BRDA:25,1,0,7
BRDA:26,2,0,3
BRDA:26,2,1,2
BRDA:26,2,2,2
BRDA:28,3,0,1
BRDA:28,3,1,2
BRDA:34,4,0,2
BRDA:34,4,1,0
BRDA:37,5,0,1
BRDA:37,5,1,1
BRDA:45,6,0,1
BRDA:45,6,1,1
BRF:13
BRH:12
end_of_record
TN:
SF:src/app/shared/servicios/dinamic-search.service.ts
FN:7,(anonymous_0)
FN:10,(anonymous_1)
FN:12,(anonymous_2)
FN:17,(anonymous_3)
FNF:4
FNH:4
FNDA:4,(anonymous_0)
FNDA:8,(anonymous_1)
FNDA:3,(anonymous_2)
FNDA:5,(anonymous_3)
DA:6,1
DA:8,4
DA:9,4
DA:10,4
DA:11,8
DA:12,3
DA:13,3
DA:16,5
DA:18,5
LF:9
LH:9
BRDA:8,0,0,3
BRDA:8,0,1,1
BRDA:11,1,0,3
BRDA:11,1,1,5
BRDA:18,2,0,5
BRDA:18,2,1,5
BRF:6
BRH:6
end_of_record
TN:
SF:src/app/shared/servicios/localization.service.ts
FN:43,(anonymous_0)
FN:49,(anonymous_1)
FN:53,(anonymous_2)
FN:56,(anonymous_3)
FN:69,(anonymous_4)
FN:75,(anonymous_5)
FN:88,(anonymous_6)
FN:95,(anonymous_7)
FN:102,(anonymous_8)
FN:109,(anonymous_9)
FN:117,(anonymous_10)
FN:128,(anonymous_11)
FN:130,(anonymous_12)
FN:141,(anonymous_13)
FN:146,(anonymous_14)
FN:156,(anonymous_15)
FN:160,(anonymous_16)
FN:164,(anonymous_17)
FN:168,(anonymous_18)
FN:173,(anonymous_19)
FN:177,(anonymous_20)
FNF:21
FNH:17
FNDA:45,(anonymous_0)
FNDA:3,(anonymous_1)
FNDA:1,(anonymous_2)
FNDA:15,(anonymous_3)
FNDA:15,(anonymous_4)
FNDA:0,(anonymous_5)
FNDA:45,(anonymous_6)
FNDA:0,(anonymous_7)
FNDA:0,(anonymous_8)
FNDA:0,(anonymous_9)
FNDA:31,(anonymous_10)
FNDA:16,(anonymous_11)
FNDA:26,(anonymous_12)
FNDA:2,(anonymous_13)
FNDA:5,(anonymous_14)
FNDA:10,(anonymous_15)
FNDA:6,(anonymous_16)
FNDA:23,(anonymous_17)
FNDA:4,(anonymous_18)
FNDA:6,(anonymous_19)
FNDA:1,(anonymous_20)
DA:15,1
DA:17,15
DA:42,15
DA:43,45
DA:45,15
DA:48,15
DA:49,3
DA:52,15
DA:53,1
DA:57,15
DA:58,15
DA:61,15
DA:62,15
DA:63,15
DA:66,15
DA:71,15
DA:73,15
DA:75,0
DA:76,0
DA:77,0
DA:78,0
DA:83,15
DA:85,15
DA:88,45
DA:90,15
DA:92,0
DA:95,0
DA:98,15
DA:99,15
DA:102,0
DA:103,0
DA:104,0
DA:108,0
DA:109,0
DA:110,0
DA:111,0
DA:119,31
DA:122,31
DA:125,31
DA:130,26
DA:132,16
DA:133,1
DA:134,1
DA:137,15
DA:142,2
DA:145,2
DA:146,5
DA:149,2
DA:150,1
DA:152,1
DA:157,10
DA:161,6
DA:165,23
DA:169,4
DA:170,4
DA:174,6
DA:178,1
LF:57
LH:44
BRDA:43,0,0,15
BRDA:43,0,1,0
BRDA:49,1,0,3
BRDA:49,1,1,0
BRDA:53,2,0,1
BRDA:53,2,1,0
BRDA:73,3,0,0
BRDA:76,4,0,0
BRDA:90,5,0,0
BRDA:98,6,0,15
BRDA:98,6,1,0
BRDA:103,7,0,0
BRDA:110,8,0,0
BRDA:132,9,0,1
BRDA:146,10,0,5
BRDA:146,10,1,4
BRDA:149,11,0,1
BRDA:149,11,1,1
BRDA:157,12,0,10
BRDA:157,12,1,0
BRDA:161,13,0,6
BRDA:161,13,1,0
BRDA:174,14,0,6
BRDA:174,14,1,0
BRF:24
BRH:12
end_of_record
TN:
SF:src/app/shared/servicios/spinner.service.ts
FN:8,(anonymous_0)
FN:10,(anonymous_1)
FN:14,(anonymous_2)
FNF:3
FNH:3
FNDA:3,(anonymous_0)
FNDA:1,(anonymous_1)
FNDA:1,(anonymous_2)
DA:7,1
DA:8,3
DA:11,1
DA:15,1
LF:4
LH:4
BRF:0
BRH:0
end_of_record
TN:
SF:src/environments/environment.ts
FNF:0
FNH:0
DA:1,1
LF:1
LH:1
BRF:0
BRH:0
end_of_record
